ERROR - 2025-06-18 04:25:37 --> Error connecting to the database: mysqli_sql_exception: No connection could be made because the target machine actively refused it in C:\laragon\www\Aplikasi-Manajemen Produk\system\Database\MySQLi\Connection.php:201
Stack trace:
#0 C:\laragon\www\Aplikasi-Manajemen Produk\system\Database\MySQLi\Connection.php(201): mysqli->real_connect('localhost', '', Object(SensitiveParameterValue), '', 3306, '', 0)
#1 C:\laragon\www\Aplikasi-Manajemen Produk\system\Database\BaseConnection.php(421): CodeIgniter\Database\MySQLi\Connection->connect(false)
#2 C:\laragon\www\Aplikasi-Manajemen Produk\system\Database\BaseConnection.php(620): CodeIgniter\Database\BaseConnection->initialize()
#3 C:\laragon\www\Aplikasi-Manajemen Produk\system\Database\BaseBuilder.php(1678): CodeIgniter\Database\BaseConnection->query('SELECT COUNT(*)...', NULL, false)
#4 C:\laragon\www\Aplikasi-Manajemen Produk\system\Model.php(928): CodeIgniter\Database\BaseBuilder->countAll()
#5 C:\laragon\www\Aplikasi-Manajemen Produk\app\Controllers\Dashboard.php(23): CodeIgniter\Model->__call('countAll', Array)
#6 C:\laragon\www\Aplikasi-Manajemen Produk\system\CodeIgniter.php(933): App\Controllers\Dashboard->index()
#7 C:\laragon\www\Aplikasi-Manajemen Produk\system\CodeIgniter.php(507): CodeIgniter\CodeIgniter->runController(Object(App\Controllers\Dashboard))
#8 C:\laragon\www\Aplikasi-Manajemen Produk\system\CodeIgniter.php(354): CodeIgniter\CodeIgniter->handleRequest(NULL, Object(Config\Cache), false)
#9 C:\laragon\www\Aplikasi-Manajemen Produk\system\Boot.php(334): CodeIgniter\CodeIgniter->run()
#10 C:\laragon\www\Aplikasi-Manajemen Produk\system\Boot.php(67): CodeIgniter\Boot::runCodeIgniter(Object(CodeIgniter\CodeIgniter))
#11 C:\laragon\www\Aplikasi-Manajemen Produk\public\index.php(59): CodeIgniter\Boot::bootWeb(Object(Config\Paths))
#12 C:\laragon\www\Aplikasi-Manajemen Produk\system\rewrite.php(44): require_once('C:\\laragon\\www\\...')
#13 {main}

Next CodeIgniter\Database\Exceptions\DatabaseException: No connection could be made because the target machine actively refused it in C:\laragon\www\Aplikasi-Manajemen Produk\system\Database\MySQLi\Connection.php:246
Stack trace:
#0 C:\laragon\www\Aplikasi-Manajemen Produk\system\Database\BaseConnection.php(421): CodeIgniter\Database\MySQLi\Connection->connect(false)
#1 C:\laragon\www\Aplikasi-Manajemen Produk\system\Database\BaseConnection.php(620): CodeIgniter\Database\BaseConnection->initialize()
#2 C:\laragon\www\Aplikasi-Manajemen Produk\system\Database\BaseBuilder.php(1678): CodeIgniter\Database\BaseConnection->query('SELECT COUNT(*)...', NULL, false)
#3 C:\laragon\www\Aplikasi-Manajemen Produk\system\Model.php(928): CodeIgniter\Database\BaseBuilder->countAll()
#4 C:\laragon\www\Aplikasi-Manajemen Produk\app\Controllers\Dashboard.php(23): CodeIgniter\Model->__call('countAll', Array)
#5 C:\laragon\www\Aplikasi-Manajemen Produk\system\CodeIgniter.php(933): App\Controllers\Dashboard->index()
#6 C:\laragon\www\Aplikasi-Manajemen Produk\system\CodeIgniter.php(507): CodeIgniter\CodeIgniter->runController(Object(App\Controllers\Dashboard))
#7 C:\laragon\www\Aplikasi-Manajemen Produk\system\CodeIgniter.php(354): CodeIgniter\CodeIgniter->handleRequest(NULL, Object(Config\Cache), false)
#8 C:\laragon\www\Aplikasi-Manajemen Produk\system\Boot.php(334): CodeIgniter\CodeIgniter->run()
#9 C:\laragon\www\Aplikasi-Manajemen Produk\system\Boot.php(67): CodeIgniter\Boot::runCodeIgniter(Object(CodeIgniter\CodeIgniter))
#10 C:\laragon\www\Aplikasi-Manajemen Produk\public\index.php(59): CodeIgniter\Boot::bootWeb(Object(Config\Paths))
#11 C:\laragon\www\Aplikasi-Manajemen Produk\system\rewrite.php(44): require_once('C:\\laragon\\www\\...')
#12 {main}
CRITICAL - 2025-06-18 04:25:37 --> CodeIgniter\Database\Exceptions\DatabaseException: Unable to connect to the database.
Main connection [MySQLi]: No connection could be made because the target machine actively refused it
[Method: GET, Route: /]
in SYSTEMPATH\Database\BaseConnection.php on line 467.
 1 SYSTEMPATH\Database\BaseConnection.php(620): CodeIgniter\Database\BaseConnection->initialize()
 2 SYSTEMPATH\Database\BaseBuilder.php(1678): CodeIgniter\Database\BaseConnection->query('SELECT COUNT(*) AS `numrows` FROM `products`', null, false)
 3 SYSTEMPATH\Model.php(928): CodeIgniter\Database\BaseBuilder->countAll()
 4 APPPATH\Controllers\Dashboard.php(23): CodeIgniter\Model->__call('countAll', [])
 5 SYSTEMPATH\CodeIgniter.php(933): App\Controllers\Dashboard->index()
 6 SYSTEMPATH\CodeIgniter.php(507): CodeIgniter\CodeIgniter->runController(Object(App\Controllers\Dashboard))
 7 SYSTEMPATH\CodeIgniter.php(354): CodeIgniter\CodeIgniter->handleRequest(null, Object(Config\Cache), false)
 8 SYSTEMPATH\Boot.php(334): CodeIgniter\CodeIgniter->run()
 9 SYSTEMPATH\Boot.php(67): CodeIgniter\Boot::runCodeIgniter(Object(CodeIgniter\CodeIgniter))
10 FCPATH\index.php(59): CodeIgniter\Boot::bootWeb(Object(Config\Paths))
11 SYSTEMPATH\rewrite.php(44): require_once('C:\\laragon\\www\\Aplikasi-Manajemen Produk\\public\\index.php')
ERROR - 2025-06-18 04:26:39 --> Error connecting to the database: mysqli_sql_exception: No connection could be made because the target machine actively refused it in C:\laragon\www\Aplikasi-Manajemen Produk\system\Database\MySQLi\Connection.php:201
Stack trace:
#0 C:\laragon\www\Aplikasi-Manajemen Produk\system\Database\MySQLi\Connection.php(201): mysqli->real_connect('localhost', '', Object(SensitiveParameterValue), '', 3306, '', 0)
#1 C:\laragon\www\Aplikasi-Manajemen Produk\system\Database\BaseConnection.php(421): CodeIgniter\Database\MySQLi\Connection->connect(false)
#2 C:\laragon\www\Aplikasi-Manajemen Produk\system\Database\BaseConnection.php(620): CodeIgniter\Database\BaseConnection->initialize()
#3 C:\laragon\www\Aplikasi-Manajemen Produk\system\Database\BaseBuilder.php(1678): CodeIgniter\Database\BaseConnection->query('SELECT COUNT(*)...', NULL, false)
#4 C:\laragon\www\Aplikasi-Manajemen Produk\system\Model.php(928): CodeIgniter\Database\BaseBuilder->countAll()
#5 C:\laragon\www\Aplikasi-Manajemen Produk\app\Controllers\Dashboard.php(23): CodeIgniter\Model->__call('countAll', Array)
#6 C:\laragon\www\Aplikasi-Manajemen Produk\system\CodeIgniter.php(933): App\Controllers\Dashboard->index()
#7 C:\laragon\www\Aplikasi-Manajemen Produk\system\CodeIgniter.php(507): CodeIgniter\CodeIgniter->runController(Object(App\Controllers\Dashboard))
#8 C:\laragon\www\Aplikasi-Manajemen Produk\system\CodeIgniter.php(354): CodeIgniter\CodeIgniter->handleRequest(NULL, Object(Config\Cache), false)
#9 C:\laragon\www\Aplikasi-Manajemen Produk\system\Boot.php(334): CodeIgniter\CodeIgniter->run()
#10 C:\laragon\www\Aplikasi-Manajemen Produk\system\Boot.php(67): CodeIgniter\Boot::runCodeIgniter(Object(CodeIgniter\CodeIgniter))
#11 C:\laragon\www\Aplikasi-Manajemen Produk\public\index.php(59): CodeIgniter\Boot::bootWeb(Object(Config\Paths))
#12 C:\laragon\www\Aplikasi-Manajemen Produk\system\rewrite.php(44): require_once('C:\\laragon\\www\\...')
#13 {main}

Next CodeIgniter\Database\Exceptions\DatabaseException: No connection could be made because the target machine actively refused it in C:\laragon\www\Aplikasi-Manajemen Produk\system\Database\MySQLi\Connection.php:246
Stack trace:
#0 C:\laragon\www\Aplikasi-Manajemen Produk\system\Database\BaseConnection.php(421): CodeIgniter\Database\MySQLi\Connection->connect(false)
#1 C:\laragon\www\Aplikasi-Manajemen Produk\system\Database\BaseConnection.php(620): CodeIgniter\Database\BaseConnection->initialize()
#2 C:\laragon\www\Aplikasi-Manajemen Produk\system\Database\BaseBuilder.php(1678): CodeIgniter\Database\BaseConnection->query('SELECT COUNT(*)...', NULL, false)
#3 C:\laragon\www\Aplikasi-Manajemen Produk\system\Model.php(928): CodeIgniter\Database\BaseBuilder->countAll()
#4 C:\laragon\www\Aplikasi-Manajemen Produk\app\Controllers\Dashboard.php(23): CodeIgniter\Model->__call('countAll', Array)
#5 C:\laragon\www\Aplikasi-Manajemen Produk\system\CodeIgniter.php(933): App\Controllers\Dashboard->index()
#6 C:\laragon\www\Aplikasi-Manajemen Produk\system\CodeIgniter.php(507): CodeIgniter\CodeIgniter->runController(Object(App\Controllers\Dashboard))
#7 C:\laragon\www\Aplikasi-Manajemen Produk\system\CodeIgniter.php(354): CodeIgniter\CodeIgniter->handleRequest(NULL, Object(Config\Cache), false)
#8 C:\laragon\www\Aplikasi-Manajemen Produk\system\Boot.php(334): CodeIgniter\CodeIgniter->run()
#9 C:\laragon\www\Aplikasi-Manajemen Produk\system\Boot.php(67): CodeIgniter\Boot::runCodeIgniter(Object(CodeIgniter\CodeIgniter))
#10 C:\laragon\www\Aplikasi-Manajemen Produk\public\index.php(59): CodeIgniter\Boot::bootWeb(Object(Config\Paths))
#11 C:\laragon\www\Aplikasi-Manajemen Produk\system\rewrite.php(44): require_once('C:\\laragon\\www\\...')
#12 {main}
CRITICAL - 2025-06-18 04:26:39 --> CodeIgniter\Database\Exceptions\DatabaseException: Unable to connect to the database.
Main connection [MySQLi]: No connection could be made because the target machine actively refused it
[Method: GET, Route: /]
in SYSTEMPATH\Database\BaseConnection.php on line 467.
 1 SYSTEMPATH\Database\BaseConnection.php(620): CodeIgniter\Database\BaseConnection->initialize()
 2 SYSTEMPATH\Database\BaseBuilder.php(1678): CodeIgniter\Database\BaseConnection->query('SELECT COUNT(*) AS `numrows` FROM `products`', null, false)
 3 SYSTEMPATH\Model.php(928): CodeIgniter\Database\BaseBuilder->countAll()
 4 APPPATH\Controllers\Dashboard.php(23): CodeIgniter\Model->__call('countAll', [])
 5 SYSTEMPATH\CodeIgniter.php(933): App\Controllers\Dashboard->index()
 6 SYSTEMPATH\CodeIgniter.php(507): CodeIgniter\CodeIgniter->runController(Object(App\Controllers\Dashboard))
 7 SYSTEMPATH\CodeIgniter.php(354): CodeIgniter\CodeIgniter->handleRequest(null, Object(Config\Cache), false)
 8 SYSTEMPATH\Boot.php(334): CodeIgniter\CodeIgniter->run()
 9 SYSTEMPATH\Boot.php(67): CodeIgniter\Boot::runCodeIgniter(Object(CodeIgniter\CodeIgniter))
10 FCPATH\index.php(59): CodeIgniter\Boot::bootWeb(Object(Config\Paths))
11 SYSTEMPATH\rewrite.php(44): require_once('C:\\laragon\\www\\Aplikasi-Manajemen Produk\\public\\index.php')
ERROR - 2025-06-18 04:26:44 --> Error connecting to the database: mysqli_sql_exception: No connection could be made because the target machine actively refused it in C:\laragon\www\Aplikasi-Manajemen Produk\system\Database\MySQLi\Connection.php:201
Stack trace:
#0 C:\laragon\www\Aplikasi-Manajemen Produk\system\Database\MySQLi\Connection.php(201): mysqli->real_connect('localhost', '', Object(SensitiveParameterValue), '', 3306, '', 0)
#1 C:\laragon\www\Aplikasi-Manajemen Produk\system\Database\BaseConnection.php(421): CodeIgniter\Database\MySQLi\Connection->connect(false)
#2 C:\laragon\www\Aplikasi-Manajemen Produk\system\Database\BaseConnection.php(620): CodeIgniter\Database\BaseConnection->initialize()
#3 C:\laragon\www\Aplikasi-Manajemen Produk\system\Database\BaseBuilder.php(1678): CodeIgniter\Database\BaseConnection->query('SELECT COUNT(*)...', NULL, false)
#4 C:\laragon\www\Aplikasi-Manajemen Produk\system\Model.php(928): CodeIgniter\Database\BaseBuilder->countAll()
#5 C:\laragon\www\Aplikasi-Manajemen Produk\app\Controllers\Dashboard.php(23): CodeIgniter\Model->__call('countAll', Array)
#6 C:\laragon\www\Aplikasi-Manajemen Produk\system\CodeIgniter.php(933): App\Controllers\Dashboard->index()
#7 C:\laragon\www\Aplikasi-Manajemen Produk\system\CodeIgniter.php(507): CodeIgniter\CodeIgniter->runController(Object(App\Controllers\Dashboard))
#8 C:\laragon\www\Aplikasi-Manajemen Produk\system\CodeIgniter.php(354): CodeIgniter\CodeIgniter->handleRequest(NULL, Object(Config\Cache), false)
#9 C:\laragon\www\Aplikasi-Manajemen Produk\system\Boot.php(334): CodeIgniter\CodeIgniter->run()
#10 C:\laragon\www\Aplikasi-Manajemen Produk\system\Boot.php(67): CodeIgniter\Boot::runCodeIgniter(Object(CodeIgniter\CodeIgniter))
#11 C:\laragon\www\Aplikasi-Manajemen Produk\public\index.php(59): CodeIgniter\Boot::bootWeb(Object(Config\Paths))
#12 C:\laragon\www\Aplikasi-Manajemen Produk\system\rewrite.php(44): require_once('C:\\laragon\\www\\...')
#13 {main}

Next CodeIgniter\Database\Exceptions\DatabaseException: No connection could be made because the target machine actively refused it in C:\laragon\www\Aplikasi-Manajemen Produk\system\Database\MySQLi\Connection.php:246
Stack trace:
#0 C:\laragon\www\Aplikasi-Manajemen Produk\system\Database\BaseConnection.php(421): CodeIgniter\Database\MySQLi\Connection->connect(false)
#1 C:\laragon\www\Aplikasi-Manajemen Produk\system\Database\BaseConnection.php(620): CodeIgniter\Database\BaseConnection->initialize()
#2 C:\laragon\www\Aplikasi-Manajemen Produk\system\Database\BaseBuilder.php(1678): CodeIgniter\Database\BaseConnection->query('SELECT COUNT(*)...', NULL, false)
#3 C:\laragon\www\Aplikasi-Manajemen Produk\system\Model.php(928): CodeIgniter\Database\BaseBuilder->countAll()
#4 C:\laragon\www\Aplikasi-Manajemen Produk\app\Controllers\Dashboard.php(23): CodeIgniter\Model->__call('countAll', Array)
#5 C:\laragon\www\Aplikasi-Manajemen Produk\system\CodeIgniter.php(933): App\Controllers\Dashboard->index()
#6 C:\laragon\www\Aplikasi-Manajemen Produk\system\CodeIgniter.php(507): CodeIgniter\CodeIgniter->runController(Object(App\Controllers\Dashboard))
#7 C:\laragon\www\Aplikasi-Manajemen Produk\system\CodeIgniter.php(354): CodeIgniter\CodeIgniter->handleRequest(NULL, Object(Config\Cache), false)
#8 C:\laragon\www\Aplikasi-Manajemen Produk\system\Boot.php(334): CodeIgniter\CodeIgniter->run()
#9 C:\laragon\www\Aplikasi-Manajemen Produk\system\Boot.php(67): CodeIgniter\Boot::runCodeIgniter(Object(CodeIgniter\CodeIgniter))
#10 C:\laragon\www\Aplikasi-Manajemen Produk\public\index.php(59): CodeIgniter\Boot::bootWeb(Object(Config\Paths))
#11 C:\laragon\www\Aplikasi-Manajemen Produk\system\rewrite.php(44): require_once('C:\\laragon\\www\\...')
#12 {main}
CRITICAL - 2025-06-18 04:26:44 --> CodeIgniter\Database\Exceptions\DatabaseException: Unable to connect to the database.
Main connection [MySQLi]: No connection could be made because the target machine actively refused it
[Method: GET, Route: /]
in SYSTEMPATH\Database\BaseConnection.php on line 467.
 1 SYSTEMPATH\Database\BaseConnection.php(620): CodeIgniter\Database\BaseConnection->initialize()
 2 SYSTEMPATH\Database\BaseBuilder.php(1678): CodeIgniter\Database\BaseConnection->query('SELECT COUNT(*) AS `numrows` FROM `products`', null, false)
 3 SYSTEMPATH\Model.php(928): CodeIgniter\Database\BaseBuilder->countAll()
 4 APPPATH\Controllers\Dashboard.php(23): CodeIgniter\Model->__call('countAll', [])
 5 SYSTEMPATH\CodeIgniter.php(933): App\Controllers\Dashboard->index()
 6 SYSTEMPATH\CodeIgniter.php(507): CodeIgniter\CodeIgniter->runController(Object(App\Controllers\Dashboard))
 7 SYSTEMPATH\CodeIgniter.php(354): CodeIgniter\CodeIgniter->handleRequest(null, Object(Config\Cache), false)
 8 SYSTEMPATH\Boot.php(334): CodeIgniter\CodeIgniter->run()
 9 SYSTEMPATH\Boot.php(67): CodeIgniter\Boot::runCodeIgniter(Object(CodeIgniter\CodeIgniter))
10 FCPATH\index.php(59): CodeIgniter\Boot::bootWeb(Object(Config\Paths))
11 SYSTEMPATH\rewrite.php(44): require_once('C:\\laragon\\www\\Aplikasi-Manajemen Produk\\public\\index.php')
ERROR - 2025-06-18 04:34:05 --> Error connecting to the database: mysqli_sql_exception: Access denied for user ''@'localhost' (using password: NO) in C:\laragon\www\Aplikasi-Manajemen Produk\system\Database\MySQLi\Connection.php:201
Stack trace:
#0 C:\laragon\www\Aplikasi-Manajemen Produk\system\Database\MySQLi\Connection.php(201): mysqli->real_connect('localhost', '', Object(SensitiveParameterValue), '', 3306, '', 0)
#1 C:\laragon\www\Aplikasi-Manajemen Produk\system\Database\BaseConnection.php(421): CodeIgniter\Database\MySQLi\Connection->connect(false)
#2 C:\laragon\www\Aplikasi-Manajemen Produk\system\Database\MySQLi\Connection.php(261): CodeIgniter\Database\BaseConnection->initialize()
#3 C:\laragon\www\Aplikasi-Manajemen Produk\app\Controllers\DatabaseTest.php(15): CodeIgniter\Database\MySQLi\Connection->reconnect()
#4 C:\laragon\www\Aplikasi-Manajemen Produk\system\CodeIgniter.php(933): App\Controllers\DatabaseTest->index()
#5 C:\laragon\www\Aplikasi-Manajemen Produk\system\CodeIgniter.php(507): CodeIgniter\CodeIgniter->runController(Object(App\Controllers\DatabaseTest))
#6 C:\laragon\www\Aplikasi-Manajemen Produk\system\CodeIgniter.php(354): CodeIgniter\CodeIgniter->handleRequest(NULL, Object(Config\Cache), false)
#7 C:\laragon\www\Aplikasi-Manajemen Produk\system\Boot.php(334): CodeIgniter\CodeIgniter->run()
#8 C:\laragon\www\Aplikasi-Manajemen Produk\system\Boot.php(67): CodeIgniter\Boot::runCodeIgniter(Object(CodeIgniter\CodeIgniter))
#9 C:\laragon\www\Aplikasi-Manajemen Produk\public\index.php(59): CodeIgniter\Boot::bootWeb(Object(Config\Paths))
#10 C:\laragon\www\Aplikasi-Manajemen Produk\system\rewrite.php(44): require_once('C:\\laragon\\www\\...')
#11 {main}

Next CodeIgniter\Database\Exceptions\DatabaseException: Access denied for user ''@'localhost' (using password: NO) in C:\laragon\www\Aplikasi-Manajemen Produk\system\Database\MySQLi\Connection.php:246
Stack trace:
#0 C:\laragon\www\Aplikasi-Manajemen Produk\system\Database\BaseConnection.php(421): CodeIgniter\Database\MySQLi\Connection->connect(false)
#1 C:\laragon\www\Aplikasi-Manajemen Produk\system\Database\MySQLi\Connection.php(261): CodeIgniter\Database\BaseConnection->initialize()
#2 C:\laragon\www\Aplikasi-Manajemen Produk\app\Controllers\DatabaseTest.php(15): CodeIgniter\Database\MySQLi\Connection->reconnect()
#3 C:\laragon\www\Aplikasi-Manajemen Produk\system\CodeIgniter.php(933): App\Controllers\DatabaseTest->index()
#4 C:\laragon\www\Aplikasi-Manajemen Produk\system\CodeIgniter.php(507): CodeIgniter\CodeIgniter->runController(Object(App\Controllers\DatabaseTest))
#5 C:\laragon\www\Aplikasi-Manajemen Produk\system\CodeIgniter.php(354): CodeIgniter\CodeIgniter->handleRequest(NULL, Object(Config\Cache), false)
#6 C:\laragon\www\Aplikasi-Manajemen Produk\system\Boot.php(334): CodeIgniter\CodeIgniter->run()
#7 C:\laragon\www\Aplikasi-Manajemen Produk\system\Boot.php(67): CodeIgniter\Boot::runCodeIgniter(Object(CodeIgniter\CodeIgniter))
#8 C:\laragon\www\Aplikasi-Manajemen Produk\public\index.php(59): CodeIgniter\Boot::bootWeb(Object(Config\Paths))
#9 C:\laragon\www\Aplikasi-Manajemen Produk\system\rewrite.php(44): require_once('C:\\laragon\\www\\...')
#10 {main}
ERROR - 2025-06-18 04:36:28 --> Error connecting to the database: mysqli_sql_exception: Unknown database 'ci4_app' in C:\laragon\www\Aplikasi-Manajemen Produk\system\Database\MySQLi\Connection.php:201
Stack trace:
#0 C:\laragon\www\Aplikasi-Manajemen Produk\system\Database\MySQLi\Connection.php(201): mysqli->real_connect('localhost', 'root', Object(SensitiveParameterValue), 'ci4_app', 3306, '', 0)
#1 C:\laragon\www\Aplikasi-Manajemen Produk\system\Database\BaseConnection.php(421): CodeIgniter\Database\MySQLi\Connection->connect(false)
#2 C:\laragon\www\Aplikasi-Manajemen Produk\system\Database\MySQLi\Connection.php(261): CodeIgniter\Database\BaseConnection->initialize()
#3 C:\laragon\www\Aplikasi-Manajemen Produk\app\Controllers\DatabaseTest.php(15): CodeIgniter\Database\MySQLi\Connection->reconnect()
#4 C:\laragon\www\Aplikasi-Manajemen Produk\system\CodeIgniter.php(933): App\Controllers\DatabaseTest->index()
#5 C:\laragon\www\Aplikasi-Manajemen Produk\system\CodeIgniter.php(507): CodeIgniter\CodeIgniter->runController(Object(App\Controllers\DatabaseTest))
#6 C:\laragon\www\Aplikasi-Manajemen Produk\system\CodeIgniter.php(354): CodeIgniter\CodeIgniter->handleRequest(NULL, Object(Config\Cache), false)
#7 C:\laragon\www\Aplikasi-Manajemen Produk\system\Boot.php(334): CodeIgniter\CodeIgniter->run()
#8 C:\laragon\www\Aplikasi-Manajemen Produk\system\Boot.php(67): CodeIgniter\Boot::runCodeIgniter(Object(CodeIgniter\CodeIgniter))
#9 C:\laragon\www\Aplikasi-Manajemen Produk\public\index.php(59): CodeIgniter\Boot::bootWeb(Object(Config\Paths))
#10 C:\laragon\www\Aplikasi-Manajemen Produk\system\rewrite.php(44): require_once('C:\\laragon\\www\\...')
#11 {main}

Next CodeIgniter\Database\Exceptions\DatabaseException: Unknown database 'ci4_app' in C:\laragon\www\Aplikasi-Manajemen Produk\system\Database\MySQLi\Connection.php:246
Stack trace:
#0 C:\laragon\www\Aplikasi-Manajemen Produk\system\Database\BaseConnection.php(421): CodeIgniter\Database\MySQLi\Connection->connect(false)
#1 C:\laragon\www\Aplikasi-Manajemen Produk\system\Database\MySQLi\Connection.php(261): CodeIgniter\Database\BaseConnection->initialize()
#2 C:\laragon\www\Aplikasi-Manajemen Produk\app\Controllers\DatabaseTest.php(15): CodeIgniter\Database\MySQLi\Connection->reconnect()
#3 C:\laragon\www\Aplikasi-Manajemen Produk\system\CodeIgniter.php(933): App\Controllers\DatabaseTest->index()
#4 C:\laragon\www\Aplikasi-Manajemen Produk\system\CodeIgniter.php(507): CodeIgniter\CodeIgniter->runController(Object(App\Controllers\DatabaseTest))
#5 C:\laragon\www\Aplikasi-Manajemen Produk\system\CodeIgniter.php(354): CodeIgniter\CodeIgniter->handleRequest(NULL, Object(Config\Cache), false)
#6 C:\laragon\www\Aplikasi-Manajemen Produk\system\Boot.php(334): CodeIgniter\CodeIgniter->run()
#7 C:\laragon\www\Aplikasi-Manajemen Produk\system\Boot.php(67): CodeIgniter\Boot::runCodeIgniter(Object(CodeIgniter\CodeIgniter))
#8 C:\laragon\www\Aplikasi-Manajemen Produk\public\index.php(59): CodeIgniter\Boot::bootWeb(Object(Config\Paths))
#9 C:\laragon\www\Aplikasi-Manajemen Produk\system\rewrite.php(44): require_once('C:\\laragon\\www\\...')
#10 {main}
CRITICAL - 2025-06-18 04:59:18 --> CodeIgniter\View\Exceptions\ViewException: Invalid file: "content.php"
[Method: GET, Route: dashboard]
in SYSTEMPATH\Exceptions\FrameworkException.php on line 39.
 1 SYSTEMPATH\View\View.php(212): CodeIgniter\Exceptions\FrameworkException::forInvalidFile('content.php')
 2 SYSTEMPATH\Common.php(1173): CodeIgniter\View\View->render('content', [], true)
 3 APPPATH\Views\layouts\app.php(117): view('content')
 4 SYSTEMPATH\View\View.php(224): include('C:\\laragon\\www\\Aplikasi-Manajemen Produk\\app\\Views\\layouts\\app.php')
 5 SYSTEMPATH\View\View.php(227): CodeIgniter\View\View->CodeIgniter\View\{closure}()
 6 SYSTEMPATH\Common.php(1173): CodeIgniter\View\View->render('layouts/app', [], true)
 7 APPPATH\Controllers\Dashboard.php(29): view('layouts/app', [...])
 8 SYSTEMPATH\CodeIgniter.php(933): App\Controllers\Dashboard->index()
 9 SYSTEMPATH\CodeIgniter.php(507): CodeIgniter\CodeIgniter->runController(Object(App\Controllers\Dashboard))
10 SYSTEMPATH\CodeIgniter.php(354): CodeIgniter\CodeIgniter->handleRequest(null, Object(Config\Cache), false)
11 SYSTEMPATH\Boot.php(334): CodeIgniter\CodeIgniter->run()
12 SYSTEMPATH\Boot.php(67): CodeIgniter\Boot::runCodeIgniter(Object(CodeIgniter\CodeIgniter))
13 FCPATH\index.php(59): CodeIgniter\Boot::bootWeb(Object(Config\Paths))
14 SYSTEMPATH\rewrite.php(44): require_once('C:\\laragon\\www\\Aplikasi-Manajemen Produk\\public\\index.php')
CRITICAL - 2025-06-18 04:59:20 --> CodeIgniter\View\Exceptions\ViewException: Invalid file: "content.php"
[Method: GET, Route: dashboard]
in SYSTEMPATH\Exceptions\FrameworkException.php on line 39.
 1 SYSTEMPATH\View\View.php(212): CodeIgniter\Exceptions\FrameworkException::forInvalidFile('content.php')
 2 SYSTEMPATH\Common.php(1173): CodeIgniter\View\View->render('content', [], true)
 3 APPPATH\Views\layouts\app.php(117): view('content')
 4 SYSTEMPATH\View\View.php(224): include('C:\\laragon\\www\\Aplikasi-Manajemen Produk\\app\\Views\\layouts\\app.php')
 5 SYSTEMPATH\View\View.php(227): CodeIgniter\View\View->CodeIgniter\View\{closure}()
 6 SYSTEMPATH\Common.php(1173): CodeIgniter\View\View->render('layouts/app', [], true)
 7 APPPATH\Controllers\Dashboard.php(29): view('layouts/app', [...])
 8 SYSTEMPATH\CodeIgniter.php(933): App\Controllers\Dashboard->index()
 9 SYSTEMPATH\CodeIgniter.php(507): CodeIgniter\CodeIgniter->runController(Object(App\Controllers\Dashboard))
10 SYSTEMPATH\CodeIgniter.php(354): CodeIgniter\CodeIgniter->handleRequest(null, Object(Config\Cache), false)
11 SYSTEMPATH\Boot.php(334): CodeIgniter\CodeIgniter->run()
12 SYSTEMPATH\Boot.php(67): CodeIgniter\Boot::runCodeIgniter(Object(CodeIgniter\CodeIgniter))
13 FCPATH\index.php(59): CodeIgniter\Boot::bootWeb(Object(Config\Paths))
14 SYSTEMPATH\rewrite.php(44): require_once('C:\\laragon\\www\\Aplikasi-Manajemen Produk\\public\\index.php')
CRITICAL - 2025-06-18 04:59:29 --> CodeIgniter\View\Exceptions\ViewException: Invalid file: "content.php"
[Method: GET, Route: dashboard]
in SYSTEMPATH\Exceptions\FrameworkException.php on line 39.
 1 SYSTEMPATH\View\View.php(212): CodeIgniter\Exceptions\FrameworkException::forInvalidFile('content.php')
 2 SYSTEMPATH\Common.php(1173): CodeIgniter\View\View->render('content', [], true)
 3 APPPATH\Views\layouts\app.php(117): view('content')
 4 SYSTEMPATH\View\View.php(224): include('C:\\laragon\\www\\Aplikasi-Manajemen Produk\\app\\Views\\layouts\\app.php')
 5 SYSTEMPATH\View\View.php(227): CodeIgniter\View\View->CodeIgniter\View\{closure}()
 6 SYSTEMPATH\Common.php(1173): CodeIgniter\View\View->render('layouts/app', [], true)
 7 APPPATH\Controllers\Dashboard.php(29): view('layouts/app', [...])
 8 SYSTEMPATH\CodeIgniter.php(933): App\Controllers\Dashboard->index()
 9 SYSTEMPATH\CodeIgniter.php(507): CodeIgniter\CodeIgniter->runController(Object(App\Controllers\Dashboard))
10 SYSTEMPATH\CodeIgniter.php(354): CodeIgniter\CodeIgniter->handleRequest(null, Object(Config\Cache), false)
11 SYSTEMPATH\Boot.php(334): CodeIgniter\CodeIgniter->run()
12 SYSTEMPATH\Boot.php(67): CodeIgniter\Boot::runCodeIgniter(Object(CodeIgniter\CodeIgniter))
13 FCPATH\index.php(59): CodeIgniter\Boot::bootWeb(Object(Config\Paths))
14 SYSTEMPATH\rewrite.php(44): require_once('C:\\laragon\\www\\Aplikasi-Manajemen Produk\\public\\index.php')
CRITICAL - 2025-06-18 06:14:12 --> ErrorException: Undefined variable $categories
[Method: GET, Route: products/new]
in APPPATH\Views\products\form.php on line 22.
 1 APPPATH\Views\products\form.php(22): CodeIgniter\Debug\Exceptions->errorHandler(2, 'Undefined variable $categories', 'C:\\laragon\\www\\Aplikasi-Manajemen-Produk\\app\\Views\\products\\form.php', 22)
 2 SYSTEMPATH\View\View.php(224): include('C:\\laragon\\www\\Aplikasi-Manajemen-Produk\\app\\Views\\products\\form.php')
 3 SYSTEMPATH\View\View.php(227): CodeIgniter\View\View->CodeIgniter\View\{closure}()
 4 SYSTEMPATH\Common.php(1173): CodeIgniter\View\View->render('products/form', [], true)
 5 APPPATH\Controllers\Product.php(29): view('products/form', [...])
 6 SYSTEMPATH\CodeIgniter.php(933): App\Controllers\Product->new()
 7 SYSTEMPATH\CodeIgniter.php(507): CodeIgniter\CodeIgniter->runController(Object(App\Controllers\Product))
 8 SYSTEMPATH\CodeIgniter.php(354): CodeIgniter\CodeIgniter->handleRequest(null, Object(Config\Cache), false)
 9 SYSTEMPATH\Boot.php(334): CodeIgniter\CodeIgniter->run()
10 SYSTEMPATH\Boot.php(67): CodeIgniter\Boot::runCodeIgniter(Object(CodeIgniter\CodeIgniter))
11 FCPATH\index.php(59): CodeIgniter\Boot::bootWeb(Object(Config\Paths))
12 SYSTEMPATH\rewrite.php(44): require_once('C:\\laragon\\www\\Aplikasi-Manajemen-Produk\\public\\index.php')
CRITICAL - 2025-06-18 06:14:29 --> ErrorException: Undefined variable $categories
[Method: GET, Route: products/new]
in APPPATH\Views\products\form.php on line 22.
 1 APPPATH\Views\products\form.php(22): CodeIgniter\Debug\Exceptions->errorHandler(2, 'Undefined variable $categories', 'C:\\laragon\\www\\Aplikasi-Manajemen-Produk\\app\\Views\\products\\form.php', 22)
 2 SYSTEMPATH\View\View.php(224): include('C:\\laragon\\www\\Aplikasi-Manajemen-Produk\\app\\Views\\products\\form.php')
 3 SYSTEMPATH\View\View.php(227): CodeIgniter\View\View->CodeIgniter\View\{closure}()
 4 SYSTEMPATH\Common.php(1173): CodeIgniter\View\View->render('products/form', [], true)
 5 APPPATH\Controllers\Product.php(29): view('products/form', [...])
 6 SYSTEMPATH\CodeIgniter.php(933): App\Controllers\Product->new()
 7 SYSTEMPATH\CodeIgniter.php(507): CodeIgniter\CodeIgniter->runController(Object(App\Controllers\Product))
 8 SYSTEMPATH\CodeIgniter.php(354): CodeIgniter\CodeIgniter->handleRequest(null, Object(Config\Cache), false)
 9 SYSTEMPATH\Boot.php(334): CodeIgniter\CodeIgniter->run()
10 SYSTEMPATH\Boot.php(67): CodeIgniter\Boot::runCodeIgniter(Object(CodeIgniter\CodeIgniter))
11 FCPATH\index.php(59): CodeIgniter\Boot::bootWeb(Object(Config\Paths))
12 SYSTEMPATH\rewrite.php(44): require_once('C:\\laragon\\www\\Aplikasi-Manajemen-Produk\\public\\index.php')
CRITICAL - 2025-06-18 06:14:43 --> ErrorException: Undefined variable $categories
[Method: GET, Route: products/new]
in APPPATH\Views\products\form.php on line 22.
 1 APPPATH\Views\products\form.php(22): CodeIgniter\Debug\Exceptions->errorHandler(2, 'Undefined variable $categories', 'C:\\laragon\\www\\Aplikasi-Manajemen-Produk\\app\\Views\\products\\form.php', 22)
 2 SYSTEMPATH\View\View.php(224): include('C:\\laragon\\www\\Aplikasi-Manajemen-Produk\\app\\Views\\products\\form.php')
 3 SYSTEMPATH\View\View.php(227): CodeIgniter\View\View->CodeIgniter\View\{closure}()
 4 SYSTEMPATH\Common.php(1173): CodeIgniter\View\View->render('products/form', [], true)
 5 APPPATH\Controllers\Product.php(29): view('products/form', [...])
 6 SYSTEMPATH\CodeIgniter.php(933): App\Controllers\Product->new()
 7 SYSTEMPATH\CodeIgniter.php(507): CodeIgniter\CodeIgniter->runController(Object(App\Controllers\Product))
 8 SYSTEMPATH\CodeIgniter.php(354): CodeIgniter\CodeIgniter->handleRequest(null, Object(Config\Cache), false)
 9 SYSTEMPATH\Boot.php(334): CodeIgniter\CodeIgniter->run()
10 SYSTEMPATH\Boot.php(67): CodeIgniter\Boot::runCodeIgniter(Object(CodeIgniter\CodeIgniter))
11 FCPATH\index.php(59): CodeIgniter\Boot::bootWeb(Object(Config\Paths))
12 SYSTEMPATH\rewrite.php(44): require_once('C:\\laragon\\www\\Aplikasi-Manajemen-Produk\\public\\index.php')
CRITICAL - 2025-06-18 06:21:06 --> ErrorException: Uncaught Error: Call to undefined method CodeIgniter\Debug\ExceptionHandler::renderSection() in C:\laragon\www\Aplikasi-Manajemen-Produk\app\Views\layouts\auth.php:20
Stack trace:
#0 C:\laragon\www\Aplikasi-Manajemen-Produk\app\Views\errors\html\error_404.php(30): include()
#1 C:\laragon\www\Aplikasi-Manajemen-Produk\system\Debug\BaseExceptionHandler.php(266): include('C:\\laragon\\www\\...')
#2 C:\laragon\www\Aplikasi-Manajemen-Produk\system\Debug\BaseExceptionHandler.php(269): CodeIgniter\Debug\BaseExceptionHandler->CodeIgniter\Debug\{closure}()
#3 C:\laragon\www\Aplikasi-Manajemen-Produk\system\Debug\ExceptionHandler.php(116): CodeIgniter\Debug\BaseExceptionHandler->render(Object(CodeIgniter\Exceptions\PageNotFoundException), 404, 'C:\\laragon\\www\\...')
#4 C:\laragon\www\Aplikasi-Manajemen-Produk\system\Debug\Exceptions.php(162): CodeIgniter\Debug\ExceptionHandler->handle(Object(CodeIgniter\Exceptions\PageNotFoundException), Object(CodeIgniter\HTTP\IncomingRequest), Object(CodeIgniter\HTTP\Response), 404, 1)
#5 [internal function]: CodeIgniter\Debug\Exceptions->exceptionHandler(Object(CodeIgniter\Exceptions\PageNotFoundException))
#6 {main}
  thrown
【Previous Exception】
CodeIgniter\Exceptions\PageNotFoundException
Page Not Found
#0 C:\laragon\www\Aplikasi-Manajemen-Produk\system\CodeIgniter.php(983): CodeIgniter\Exceptions\PageNotFoundException::forPageNotFound(NULL)
#1 C:\laragon\www\Aplikasi-Manajemen-Produk\system\CodeIgniter.php(360): CodeIgniter\CodeIgniter->display404errors(Object(CodeIgniter\Exceptions\PageNotFoundException))
#2 C:\laragon\www\Aplikasi-Manajemen-Produk\system\Boot.php(334): CodeIgniter\CodeIgniter->run()
#3 C:\laragon\www\Aplikasi-Manajemen-Produk\system\Boot.php(67): CodeIgniter\Boot::runCodeIgniter(Object(CodeIgniter\CodeIgniter))
#4 C:\laragon\www\Aplikasi-Manajemen-Produk\public\index.php(59): CodeIgniter\Boot::bootWeb(Object(Config\Paths))
#5 C:\laragon\www\Aplikasi-Manajemen-Produk\system\rewrite.php(44): require_once('C:\\laragon\\www\\...')
#6 {main}
[Method: POST, Route: reports/generate]
in APPPATH\Views\layouts\auth.php on line 20.
 1 [internal function]: CodeIgniter\Debug\Exceptions->shutdownHandler()
CRITICAL - 2025-06-18 06:23:04 --> ErrorException: Uncaught Error: Call to undefined method CodeIgniter\Debug\ExceptionHandler::renderSection() in C:\laragon\www\Aplikasi-Manajemen-Produk\app\Views\layouts\auth.php:20
Stack trace:
#0 C:\laragon\www\Aplikasi-Manajemen-Produk\app\Views\errors\html\error_404.php(30): include()
#1 C:\laragon\www\Aplikasi-Manajemen-Produk\system\Debug\BaseExceptionHandler.php(266): include('C:\\laragon\\www\\...')
#2 C:\laragon\www\Aplikasi-Manajemen-Produk\system\Debug\BaseExceptionHandler.php(269): CodeIgniter\Debug\BaseExceptionHandler->CodeIgniter\Debug\{closure}()
#3 C:\laragon\www\Aplikasi-Manajemen-Produk\system\Debug\ExceptionHandler.php(116): CodeIgniter\Debug\BaseExceptionHandler->render(Object(CodeIgniter\Exceptions\PageNotFoundException), 404, 'C:\\laragon\\www\\...')
#4 C:\laragon\www\Aplikasi-Manajemen-Produk\system\Debug\Exceptions.php(162): CodeIgniter\Debug\ExceptionHandler->handle(Object(CodeIgniter\Exceptions\PageNotFoundException), Object(CodeIgniter\HTTP\IncomingRequest), Object(CodeIgniter\HTTP\Response), 404, 1)
#5 [internal function]: CodeIgniter\Debug\Exceptions->exceptionHandler(Object(CodeIgniter\Exceptions\PageNotFoundException))
#6 {main}
  thrown
【Previous Exception】
CodeIgniter\Exceptions\PageNotFoundException
Page Not Found
#0 C:\laragon\www\Aplikasi-Manajemen-Produk\system\CodeIgniter.php(983): CodeIgniter\Exceptions\PageNotFoundException::forPageNotFound(NULL)
#1 C:\laragon\www\Aplikasi-Manajemen-Produk\system\CodeIgniter.php(360): CodeIgniter\CodeIgniter->display404errors(Object(CodeIgniter\Exceptions\PageNotFoundException))
#2 C:\laragon\www\Aplikasi-Manajemen-Produk\system\Boot.php(334): CodeIgniter\CodeIgniter->run()
#3 C:\laragon\www\Aplikasi-Manajemen-Produk\system\Boot.php(67): CodeIgniter\Boot::runCodeIgniter(Object(CodeIgniter\CodeIgniter))
#4 C:\laragon\www\Aplikasi-Manajemen-Produk\public\index.php(59): CodeIgniter\Boot::bootWeb(Object(Config\Paths))
#5 C:\laragon\www\Aplikasi-Manajemen-Produk\system\rewrite.php(44): require_once('C:\\laragon\\www\\...')
#6 {main}
[Method: GET, Route: auth/logout]
in APPPATH\Views\layouts\auth.php on line 20.
 1 [internal function]: CodeIgniter\Debug\Exceptions->shutdownHandler()
CRITICAL - 2025-06-18 06:26:34 --> ErrorException: Uncaught Error: Call to undefined method CodeIgniter\Debug\ExceptionHandler::renderSection() in C:\laragon\www\Aplikasi-Manajemen-Produk\app\Views\layouts\auth.php:20
Stack trace:
#0 C:\laragon\www\Aplikasi-Manajemen-Produk\app\Views\errors\html\error_404.php(30): include()
#1 C:\laragon\www\Aplikasi-Manajemen-Produk\system\Debug\BaseExceptionHandler.php(266): include('C:\\laragon\\www\\...')
#2 C:\laragon\www\Aplikasi-Manajemen-Produk\system\Debug\BaseExceptionHandler.php(269): CodeIgniter\Debug\BaseExceptionHandler->CodeIgniter\Debug\{closure}()
#3 C:\laragon\www\Aplikasi-Manajemen-Produk\system\Debug\ExceptionHandler.php(116): CodeIgniter\Debug\BaseExceptionHandler->render(Object(CodeIgniter\Exceptions\PageNotFoundException), 404, 'C:\\laragon\\www\\...')
#4 C:\laragon\www\Aplikasi-Manajemen-Produk\system\Debug\Exceptions.php(162): CodeIgniter\Debug\ExceptionHandler->handle(Object(CodeIgniter\Exceptions\PageNotFoundException), Object(CodeIgniter\HTTP\IncomingRequest), Object(CodeIgniter\HTTP\Response), 404, 1)
#5 [internal function]: CodeIgniter\Debug\Exceptions->exceptionHandler(Object(CodeIgniter\Exceptions\PageNotFoundException))
#6 {main}
  thrown
【Previous Exception】
CodeIgniter\Exceptions\PageNotFoundException
Page Not Found
#0 C:\laragon\www\Aplikasi-Manajemen-Produk\system\CodeIgniter.php(983): CodeIgniter\Exceptions\PageNotFoundException::forPageNotFound(NULL)
#1 C:\laragon\www\Aplikasi-Manajemen-Produk\system\CodeIgniter.php(360): CodeIgniter\CodeIgniter->display404errors(Object(CodeIgniter\Exceptions\PageNotFoundException))
#2 C:\laragon\www\Aplikasi-Manajemen-Produk\system\Boot.php(334): CodeIgniter\CodeIgniter->run()
#3 C:\laragon\www\Aplikasi-Manajemen-Produk\system\Boot.php(67): CodeIgniter\Boot::runCodeIgniter(Object(CodeIgniter\CodeIgniter))
#4 C:\laragon\www\Aplikasi-Manajemen-Produk\public\index.php(59): CodeIgniter\Boot::bootWeb(Object(Config\Paths))
#5 C:\laragon\www\Aplikasi-Manajemen-Produk\system\rewrite.php(44): require_once('C:\\laragon\\www\\...')
#6 {main}
[Method: GET, Route: /]
in APPPATH\Views\layouts\auth.php on line 20.
 1 [internal function]: CodeIgniter\Debug\Exceptions->shutdownHandler()
CRITICAL - 2025-06-18 06:26:34 --> ErrorException: Uncaught Error: Call to undefined method CodeIgniter\Debug\ExceptionHandler::renderSection() in C:\laragon\www\Aplikasi-Manajemen-Produk\app\Views\layouts\auth.php:20
Stack trace:
#0 C:\laragon\www\Aplikasi-Manajemen-Produk\app\Views\errors\html\error_404.php(30): include()
#1 C:\laragon\www\Aplikasi-Manajemen-Produk\system\Debug\BaseExceptionHandler.php(266): include('C:\\laragon\\www\\...')
#2 C:\laragon\www\Aplikasi-Manajemen-Produk\system\Debug\BaseExceptionHandler.php(269): CodeIgniter\Debug\BaseExceptionHandler->CodeIgniter\Debug\{closure}()
#3 C:\laragon\www\Aplikasi-Manajemen-Produk\system\Debug\ExceptionHandler.php(116): CodeIgniter\Debug\BaseExceptionHandler->render(Object(CodeIgniter\Exceptions\PageNotFoundException), 404, 'C:\\laragon\\www\\...')
#4 C:\laragon\www\Aplikasi-Manajemen-Produk\system\Debug\Exceptions.php(162): CodeIgniter\Debug\ExceptionHandler->handle(Object(CodeIgniter\Exceptions\PageNotFoundException), Object(CodeIgniter\HTTP\IncomingRequest), Object(CodeIgniter\HTTP\Response), 404, 1)
#5 [internal function]: CodeIgniter\Debug\Exceptions->exceptionHandler(Object(CodeIgniter\Exceptions\PageNotFoundException))
#6 {main}
  thrown
【Previous Exception】
CodeIgniter\Exceptions\PageNotFoundException
Page Not Found
#0 C:\laragon\www\Aplikasi-Manajemen-Produk\system\CodeIgniter.php(983): CodeIgniter\Exceptions\PageNotFoundException::forPageNotFound(NULL)
#1 C:\laragon\www\Aplikasi-Manajemen-Produk\system\CodeIgniter.php(360): CodeIgniter\CodeIgniter->display404errors(Object(CodeIgniter\Exceptions\PageNotFoundException))
#2 C:\laragon\www\Aplikasi-Manajemen-Produk\system\Boot.php(334): CodeIgniter\CodeIgniter->run()
#3 C:\laragon\www\Aplikasi-Manajemen-Produk\system\Boot.php(67): CodeIgniter\Boot::runCodeIgniter(Object(CodeIgniter\CodeIgniter))
#4 C:\laragon\www\Aplikasi-Manajemen-Produk\public\index.php(59): CodeIgniter\Boot::bootWeb(Object(Config\Paths))
#5 C:\laragon\www\Aplikasi-Manajemen-Produk\system\rewrite.php(44): require_once('C:\\laragon\\www\\...')
#6 {main}
[Method: GET, Route: /]
in APPPATH\Views\layouts\auth.php on line 20.
 1 [internal function]: CodeIgniter\Debug\Exceptions->shutdownHandler()
CRITICAL - 2025-06-18 06:26:36 --> ErrorException: Uncaught Error: Call to undefined method CodeIgniter\Debug\ExceptionHandler::renderSection() in C:\laragon\www\Aplikasi-Manajemen-Produk\app\Views\layouts\auth.php:20
Stack trace:
#0 C:\laragon\www\Aplikasi-Manajemen-Produk\app\Views\errors\html\error_404.php(30): include()
#1 C:\laragon\www\Aplikasi-Manajemen-Produk\system\Debug\BaseExceptionHandler.php(266): include('C:\\laragon\\www\\...')
#2 C:\laragon\www\Aplikasi-Manajemen-Produk\system\Debug\BaseExceptionHandler.php(269): CodeIgniter\Debug\BaseExceptionHandler->CodeIgniter\Debug\{closure}()
#3 C:\laragon\www\Aplikasi-Manajemen-Produk\system\Debug\ExceptionHandler.php(116): CodeIgniter\Debug\BaseExceptionHandler->render(Object(CodeIgniter\Exceptions\PageNotFoundException), 404, 'C:\\laragon\\www\\...')
#4 C:\laragon\www\Aplikasi-Manajemen-Produk\system\Debug\Exceptions.php(162): CodeIgniter\Debug\ExceptionHandler->handle(Object(CodeIgniter\Exceptions\PageNotFoundException), Object(CodeIgniter\HTTP\IncomingRequest), Object(CodeIgniter\HTTP\Response), 404, 1)
#5 [internal function]: CodeIgniter\Debug\Exceptions->exceptionHandler(Object(CodeIgniter\Exceptions\PageNotFoundException))
#6 {main}
  thrown
【Previous Exception】
CodeIgniter\Exceptions\PageNotFoundException
Page Not Found
#0 C:\laragon\www\Aplikasi-Manajemen-Produk\system\CodeIgniter.php(983): CodeIgniter\Exceptions\PageNotFoundException::forPageNotFound(NULL)
#1 C:\laragon\www\Aplikasi-Manajemen-Produk\system\CodeIgniter.php(360): CodeIgniter\CodeIgniter->display404errors(Object(CodeIgniter\Exceptions\PageNotFoundException))
#2 C:\laragon\www\Aplikasi-Manajemen-Produk\system\Boot.php(334): CodeIgniter\CodeIgniter->run()
#3 C:\laragon\www\Aplikasi-Manajemen-Produk\system\Boot.php(67): CodeIgniter\Boot::runCodeIgniter(Object(CodeIgniter\CodeIgniter))
#4 C:\laragon\www\Aplikasi-Manajemen-Produk\public\index.php(59): CodeIgniter\Boot::bootWeb(Object(Config\Paths))
#5 C:\laragon\www\Aplikasi-Manajemen-Produk\system\rewrite.php(44): require_once('C:\\laragon\\www\\...')
#6 {main}
[Method: GET, Route: /]
in APPPATH\Views\layouts\auth.php on line 20.
 1 [internal function]: CodeIgniter\Debug\Exceptions->shutdownHandler()
CRITICAL - 2025-06-18 06:27:04 --> ErrorException: Uncaught Error: Call to undefined method CodeIgniter\Debug\ExceptionHandler::renderSection() in C:\laragon\www\Aplikasi-Manajemen-Produk\app\Views\layouts\auth.php:20
Stack trace:
#0 C:\laragon\www\Aplikasi-Manajemen-Produk\app\Views\errors\html\error_404.php(30): include()
#1 C:\laragon\www\Aplikasi-Manajemen-Produk\system\Debug\BaseExceptionHandler.php(266): include('C:\\laragon\\www\\...')
#2 C:\laragon\www\Aplikasi-Manajemen-Produk\system\Debug\BaseExceptionHandler.php(269): CodeIgniter\Debug\BaseExceptionHandler->CodeIgniter\Debug\{closure}()
#3 C:\laragon\www\Aplikasi-Manajemen-Produk\system\Debug\ExceptionHandler.php(116): CodeIgniter\Debug\BaseExceptionHandler->render(Object(CodeIgniter\Exceptions\PageNotFoundException), 404, 'C:\\laragon\\www\\...')
#4 C:\laragon\www\Aplikasi-Manajemen-Produk\system\Debug\Exceptions.php(162): CodeIgniter\Debug\ExceptionHandler->handle(Object(CodeIgniter\Exceptions\PageNotFoundException), Object(CodeIgniter\HTTP\IncomingRequest), Object(CodeIgniter\HTTP\Response), 404, 1)
#5 [internal function]: CodeIgniter\Debug\Exceptions->exceptionHandler(Object(CodeIgniter\Exceptions\PageNotFoundException))
#6 {main}
  thrown
【Previous Exception】
CodeIgniter\Exceptions\PageNotFoundException
Page Not Found
#0 C:\laragon\www\Aplikasi-Manajemen-Produk\system\CodeIgniter.php(983): CodeIgniter\Exceptions\PageNotFoundException::forPageNotFound(NULL)
#1 C:\laragon\www\Aplikasi-Manajemen-Produk\system\CodeIgniter.php(360): CodeIgniter\CodeIgniter->display404errors(Object(CodeIgniter\Exceptions\PageNotFoundException))
#2 C:\laragon\www\Aplikasi-Manajemen-Produk\system\Boot.php(334): CodeIgniter\CodeIgniter->run()
#3 C:\laragon\www\Aplikasi-Manajemen-Produk\system\Boot.php(67): CodeIgniter\Boot::runCodeIgniter(Object(CodeIgniter\CodeIgniter))
#4 C:\laragon\www\Aplikasi-Manajemen-Produk\public\index.php(59): CodeIgniter\Boot::bootWeb(Object(Config\Paths))
#5 C:\laragon\www\Aplikasi-Manajemen-Produk\system\rewrite.php(44): require_once('C:\\laragon\\www\\...')
#6 {main}
[Method: GET, Route: /]
in APPPATH\Views\layouts\auth.php on line 20.
 1 [internal function]: CodeIgniter\Debug\Exceptions->shutdownHandler()
CRITICAL - 2025-06-18 06:27:04 --> ErrorException: Uncaught Error: Call to undefined method CodeIgniter\Debug\ExceptionHandler::renderSection() in C:\laragon\www\Aplikasi-Manajemen-Produk\app\Views\layouts\auth.php:20
Stack trace:
#0 C:\laragon\www\Aplikasi-Manajemen-Produk\app\Views\errors\html\error_404.php(30): include()
#1 C:\laragon\www\Aplikasi-Manajemen-Produk\system\Debug\BaseExceptionHandler.php(266): include('C:\\laragon\\www\\...')
#2 C:\laragon\www\Aplikasi-Manajemen-Produk\system\Debug\BaseExceptionHandler.php(269): CodeIgniter\Debug\BaseExceptionHandler->CodeIgniter\Debug\{closure}()
#3 C:\laragon\www\Aplikasi-Manajemen-Produk\system\Debug\ExceptionHandler.php(116): CodeIgniter\Debug\BaseExceptionHandler->render(Object(CodeIgniter\Exceptions\PageNotFoundException), 404, 'C:\\laragon\\www\\...')
#4 C:\laragon\www\Aplikasi-Manajemen-Produk\system\Debug\Exceptions.php(162): CodeIgniter\Debug\ExceptionHandler->handle(Object(CodeIgniter\Exceptions\PageNotFoundException), Object(CodeIgniter\HTTP\IncomingRequest), Object(CodeIgniter\HTTP\Response), 404, 1)
#5 [internal function]: CodeIgniter\Debug\Exceptions->exceptionHandler(Object(CodeIgniter\Exceptions\PageNotFoundException))
#6 {main}
  thrown
【Previous Exception】
CodeIgniter\Exceptions\PageNotFoundException
Page Not Found
#0 C:\laragon\www\Aplikasi-Manajemen-Produk\system\CodeIgniter.php(983): CodeIgniter\Exceptions\PageNotFoundException::forPageNotFound(NULL)
#1 C:\laragon\www\Aplikasi-Manajemen-Produk\system\CodeIgniter.php(360): CodeIgniter\CodeIgniter->display404errors(Object(CodeIgniter\Exceptions\PageNotFoundException))
#2 C:\laragon\www\Aplikasi-Manajemen-Produk\system\Boot.php(334): CodeIgniter\CodeIgniter->run()
#3 C:\laragon\www\Aplikasi-Manajemen-Produk\system\Boot.php(67): CodeIgniter\Boot::runCodeIgniter(Object(CodeIgniter\CodeIgniter))
#4 C:\laragon\www\Aplikasi-Manajemen-Produk\public\index.php(59): CodeIgniter\Boot::bootWeb(Object(Config\Paths))
#5 C:\laragon\www\Aplikasi-Manajemen-Produk\system\rewrite.php(44): require_once('C:\\laragon\\www\\...')
#6 {main}
[Method: GET, Route: /]
in APPPATH\Views\layouts\auth.php on line 20.
 1 [internal function]: CodeIgniter\Debug\Exceptions->shutdownHandler()
CRITICAL - 2025-06-18 06:27:23 --> ErrorException: Uncaught Error: Call to undefined method CodeIgniter\Debug\ExceptionHandler::renderSection() in C:\laragon\www\Aplikasi-Manajemen-Produk\app\Views\layouts\auth.php:20
Stack trace:
#0 C:\laragon\www\Aplikasi-Manajemen-Produk\app\Views\errors\html\error_404.php(30): include()
#1 C:\laragon\www\Aplikasi-Manajemen-Produk\system\Debug\BaseExceptionHandler.php(266): include('C:\\laragon\\www\\...')
#2 C:\laragon\www\Aplikasi-Manajemen-Produk\system\Debug\BaseExceptionHandler.php(269): CodeIgniter\Debug\BaseExceptionHandler->CodeIgniter\Debug\{closure}()
#3 C:\laragon\www\Aplikasi-Manajemen-Produk\system\Debug\ExceptionHandler.php(116): CodeIgniter\Debug\BaseExceptionHandler->render(Object(CodeIgniter\Exceptions\PageNotFoundException), 404, 'C:\\laragon\\www\\...')
#4 C:\laragon\www\Aplikasi-Manajemen-Produk\system\Debug\Exceptions.php(162): CodeIgniter\Debug\ExceptionHandler->handle(Object(CodeIgniter\Exceptions\PageNotFoundException), Object(CodeIgniter\HTTP\IncomingRequest), Object(CodeIgniter\HTTP\Response), 404, 1)
#5 [internal function]: CodeIgniter\Debug\Exceptions->exceptionHandler(Object(CodeIgniter\Exceptions\PageNotFoundException))
#6 {main}
  thrown
【Previous Exception】
CodeIgniter\Exceptions\PageNotFoundException
Page Not Found
#0 C:\laragon\www\Aplikasi-Manajemen-Produk\system\CodeIgniter.php(983): CodeIgniter\Exceptions\PageNotFoundException::forPageNotFound(NULL)
#1 C:\laragon\www\Aplikasi-Manajemen-Produk\system\CodeIgniter.php(360): CodeIgniter\CodeIgniter->display404errors(Object(CodeIgniter\Exceptions\PageNotFoundException))
#2 C:\laragon\www\Aplikasi-Manajemen-Produk\system\Boot.php(334): CodeIgniter\CodeIgniter->run()
#3 C:\laragon\www\Aplikasi-Manajemen-Produk\system\Boot.php(67): CodeIgniter\Boot::runCodeIgniter(Object(CodeIgniter\CodeIgniter))
#4 C:\laragon\www\Aplikasi-Manajemen-Produk\public\index.php(59): CodeIgniter\Boot::bootWeb(Object(Config\Paths))
#5 C:\laragon\www\Aplikasi-Manajemen-Produk\system\rewrite.php(44): require_once('C:\\laragon\\www\\...')
#6 {main}
[Method: GET, Route: /]
in APPPATH\Views\layouts\auth.php on line 20.
 1 [internal function]: CodeIgniter\Debug\Exceptions->shutdownHandler()
CRITICAL - 2025-06-18 06:27:49 --> ErrorException: Uncaught Error: Call to undefined method CodeIgniter\Debug\ExceptionHandler::renderSection() in C:\laragon\www\Aplikasi-Manajemen-Produk\app\Views\layouts\auth.php:20
Stack trace:
#0 C:\laragon\www\Aplikasi-Manajemen-Produk\app\Views\errors\html\error_404.php(30): include()
#1 C:\laragon\www\Aplikasi-Manajemen-Produk\system\Debug\BaseExceptionHandler.php(266): include('C:\\laragon\\www\\...')
#2 C:\laragon\www\Aplikasi-Manajemen-Produk\system\Debug\BaseExceptionHandler.php(269): CodeIgniter\Debug\BaseExceptionHandler->CodeIgniter\Debug\{closure}()
#3 C:\laragon\www\Aplikasi-Manajemen-Produk\system\Debug\ExceptionHandler.php(116): CodeIgniter\Debug\BaseExceptionHandler->render(Object(CodeIgniter\Exceptions\PageNotFoundException), 404, 'C:\\laragon\\www\\...')
#4 C:\laragon\www\Aplikasi-Manajemen-Produk\system\Debug\Exceptions.php(162): CodeIgniter\Debug\ExceptionHandler->handle(Object(CodeIgniter\Exceptions\PageNotFoundException), Object(CodeIgniter\HTTP\IncomingRequest), Object(CodeIgniter\HTTP\Response), 404, 1)
#5 [internal function]: CodeIgniter\Debug\Exceptions->exceptionHandler(Object(CodeIgniter\Exceptions\PageNotFoundException))
#6 {main}
  thrown
【Previous Exception】
CodeIgniter\Exceptions\PageNotFoundException
Page Not Found
#0 C:\laragon\www\Aplikasi-Manajemen-Produk\system\CodeIgniter.php(983): CodeIgniter\Exceptions\PageNotFoundException::forPageNotFound(NULL)
#1 C:\laragon\www\Aplikasi-Manajemen-Produk\system\CodeIgniter.php(360): CodeIgniter\CodeIgniter->display404errors(Object(CodeIgniter\Exceptions\PageNotFoundException))
#2 C:\laragon\www\Aplikasi-Manajemen-Produk\system\Boot.php(334): CodeIgniter\CodeIgniter->run()
#3 C:\laragon\www\Aplikasi-Manajemen-Produk\system\Boot.php(67): CodeIgniter\Boot::runCodeIgniter(Object(CodeIgniter\CodeIgniter))
#4 C:\laragon\www\Aplikasi-Manajemen-Produk\public\index.php(59): CodeIgniter\Boot::bootWeb(Object(Config\Paths))
#5 C:\laragon\www\Aplikasi-Manajemen-Produk\system\rewrite.php(44): require_once('C:\\laragon\\www\\...')
#6 {main}
[Method: GET, Route: auth/logout]
in APPPATH\Views\layouts\auth.php on line 20.
 1 [internal function]: CodeIgniter\Debug\Exceptions->shutdownHandler()
CRITICAL - 2025-06-18 06:28:33 --> ErrorException: Uncaught Error: Call to undefined method CodeIgniter\Debug\ExceptionHandler::renderSection() in C:\laragon\www\Aplikasi-Manajemen-Produk\app\Views\layouts\auth.php:20
Stack trace:
#0 C:\laragon\www\Aplikasi-Manajemen-Produk\app\Views\errors\html\error_404.php(30): include()
#1 C:\laragon\www\Aplikasi-Manajemen-Produk\system\Debug\BaseExceptionHandler.php(266): include('C:\\laragon\\www\\...')
#2 C:\laragon\www\Aplikasi-Manajemen-Produk\system\Debug\BaseExceptionHandler.php(269): CodeIgniter\Debug\BaseExceptionHandler->CodeIgniter\Debug\{closure}()
#3 C:\laragon\www\Aplikasi-Manajemen-Produk\system\Debug\ExceptionHandler.php(116): CodeIgniter\Debug\BaseExceptionHandler->render(Object(CodeIgniter\Exceptions\PageNotFoundException), 404, 'C:\\laragon\\www\\...')
#4 C:\laragon\www\Aplikasi-Manajemen-Produk\system\Debug\Exceptions.php(162): CodeIgniter\Debug\ExceptionHandler->handle(Object(CodeIgniter\Exceptions\PageNotFoundException), Object(CodeIgniter\HTTP\IncomingRequest), Object(CodeIgniter\HTTP\Response), 404, 1)
#5 [internal function]: CodeIgniter\Debug\Exceptions->exceptionHandler(Object(CodeIgniter\Exceptions\PageNotFoundException))
#6 {main}
  thrown
【Previous Exception】
CodeIgniter\Exceptions\PageNotFoundException
Page Not Found
#0 C:\laragon\www\Aplikasi-Manajemen-Produk\system\CodeIgniter.php(983): CodeIgniter\Exceptions\PageNotFoundException::forPageNotFound(NULL)
#1 C:\laragon\www\Aplikasi-Manajemen-Produk\system\CodeIgniter.php(360): CodeIgniter\CodeIgniter->display404errors(Object(CodeIgniter\Exceptions\PageNotFoundException))
#2 C:\laragon\www\Aplikasi-Manajemen-Produk\system\Boot.php(334): CodeIgniter\CodeIgniter->run()
#3 C:\laragon\www\Aplikasi-Manajemen-Produk\system\Boot.php(67): CodeIgniter\Boot::runCodeIgniter(Object(CodeIgniter\CodeIgniter))
#4 C:\laragon\www\Aplikasi-Manajemen-Produk\public\index.php(59): CodeIgniter\Boot::bootWeb(Object(Config\Paths))
#5 C:\laragon\www\Aplikasi-Manajemen-Produk\system\rewrite.php(44): require_once('C:\\laragon\\www\\...')
#6 {main}
[Method: GET, Route: auth/logout]
in APPPATH\Views\layouts\auth.php on line 20.
 1 [internal function]: CodeIgniter\Debug\Exceptions->shutdownHandler()
CRITICAL - 2025-06-18 06:36:24 --> ErrorException: Uncaught Error: Call to undefined method CodeIgniter\Debug\ExceptionHandler::renderSection() in C:\laragon\www\Aplikasi-Manajemen-Produk\app\Views\layouts\auth.php:20
Stack trace:
#0 C:\laragon\www\Aplikasi-Manajemen-Produk\app\Views\errors\html\error_404.php(30): include()
#1 C:\laragon\www\Aplikasi-Manajemen-Produk\system\Debug\BaseExceptionHandler.php(266): include('C:\\laragon\\www\\...')
#2 C:\laragon\www\Aplikasi-Manajemen-Produk\system\Debug\BaseExceptionHandler.php(269): CodeIgniter\Debug\BaseExceptionHandler->CodeIgniter\Debug\{closure}()
#3 C:\laragon\www\Aplikasi-Manajemen-Produk\system\Debug\ExceptionHandler.php(116): CodeIgniter\Debug\BaseExceptionHandler->render(Object(CodeIgniter\Exceptions\PageNotFoundException), 404, 'C:\\laragon\\www\\...')
#4 C:\laragon\www\Aplikasi-Manajemen-Produk\system\Debug\Exceptions.php(162): CodeIgniter\Debug\ExceptionHandler->handle(Object(CodeIgniter\Exceptions\PageNotFoundException), Object(CodeIgniter\HTTP\IncomingRequest), Object(CodeIgniter\HTTP\Response), 404, 1)
#5 [internal function]: CodeIgniter\Debug\Exceptions->exceptionHandler(Object(CodeIgniter\Exceptions\PageNotFoundException))
#6 {main}
  thrown
【Previous Exception】
CodeIgniter\Exceptions\PageNotFoundException
Page Not Found
#0 C:\laragon\www\Aplikasi-Manajemen-Produk\system\CodeIgniter.php(983): CodeIgniter\Exceptions\PageNotFoundException::forPageNotFound(NULL)
#1 C:\laragon\www\Aplikasi-Manajemen-Produk\system\CodeIgniter.php(360): CodeIgniter\CodeIgniter->display404errors(Object(CodeIgniter\Exceptions\PageNotFoundException))
#2 C:\laragon\www\Aplikasi-Manajemen-Produk\system\Boot.php(334): CodeIgniter\CodeIgniter->run()
#3 C:\laragon\www\Aplikasi-Manajemen-Produk\system\Boot.php(67): CodeIgniter\Boot::runCodeIgniter(Object(CodeIgniter\CodeIgniter))
#4 C:\laragon\www\Aplikasi-Manajemen-Produk\public\index.php(59): CodeIgniter\Boot::bootWeb(Object(Config\Paths))
#5 C:\laragon\www\Aplikasi-Manajemen-Produk\system\rewrite.php(44): require_once('C:\\laragon\\www\\...')
#6 {main}
[Method: GET, Route: new]
in APPPATH\Views\layouts\auth.php on line 20.
 1 [internal function]: CodeIgniter\Debug\Exceptions->shutdownHandler()
CRITICAL - 2025-06-18 06:36:28 --> ErrorException: Uncaught Error: Call to undefined method CodeIgniter\Debug\ExceptionHandler::renderSection() in C:\laragon\www\Aplikasi-Manajemen-Produk\app\Views\layouts\auth.php:20
Stack trace:
#0 C:\laragon\www\Aplikasi-Manajemen-Produk\app\Views\errors\html\error_404.php(30): include()
#1 C:\laragon\www\Aplikasi-Manajemen-Produk\system\Debug\BaseExceptionHandler.php(266): include('C:\\laragon\\www\\...')
#2 C:\laragon\www\Aplikasi-Manajemen-Produk\system\Debug\BaseExceptionHandler.php(269): CodeIgniter\Debug\BaseExceptionHandler->CodeIgniter\Debug\{closure}()
#3 C:\laragon\www\Aplikasi-Manajemen-Produk\system\Debug\ExceptionHandler.php(116): CodeIgniter\Debug\BaseExceptionHandler->render(Object(CodeIgniter\Exceptions\PageNotFoundException), 404, 'C:\\laragon\\www\\...')
#4 C:\laragon\www\Aplikasi-Manajemen-Produk\system\Debug\Exceptions.php(162): CodeIgniter\Debug\ExceptionHandler->handle(Object(CodeIgniter\Exceptions\PageNotFoundException), Object(CodeIgniter\HTTP\IncomingRequest), Object(CodeIgniter\HTTP\Response), 404, 1)
#5 [internal function]: CodeIgniter\Debug\Exceptions->exceptionHandler(Object(CodeIgniter\Exceptions\PageNotFoundException))
#6 {main}
  thrown
【Previous Exception】
CodeIgniter\Exceptions\PageNotFoundException
Page Not Found
#0 C:\laragon\www\Aplikasi-Manajemen-Produk\system\CodeIgniter.php(983): CodeIgniter\Exceptions\PageNotFoundException::forPageNotFound(NULL)
#1 C:\laragon\www\Aplikasi-Manajemen-Produk\system\CodeIgniter.php(360): CodeIgniter\CodeIgniter->display404errors(Object(CodeIgniter\Exceptions\PageNotFoundException))
#2 C:\laragon\www\Aplikasi-Manajemen-Produk\system\Boot.php(334): CodeIgniter\CodeIgniter->run()
#3 C:\laragon\www\Aplikasi-Manajemen-Produk\system\Boot.php(67): CodeIgniter\Boot::runCodeIgniter(Object(CodeIgniter\CodeIgniter))
#4 C:\laragon\www\Aplikasi-Manajemen-Produk\public\index.php(59): CodeIgniter\Boot::bootWeb(Object(Config\Paths))
#5 C:\laragon\www\Aplikasi-Manajemen-Produk\system\rewrite.php(44): require_once('C:\\laragon\\www\\...')
#6 {main}
[Method: GET, Route: new]
in APPPATH\Views\layouts\auth.php on line 20.
 1 [internal function]: CodeIgniter\Debug\Exceptions->shutdownHandler()
