CRITICAL - 2025-06-17 12:29:59 --> ErrorException: Undefined variable $title
[Method: GET, Route: /]
in APPPATH\Views\layouts\app.php on line 6.
 1 APPPATH\Views\layouts\app.php(6): CodeIgniter\Debug\Exceptions->errorHandler(2, 'Undefined variable $title', 'C:\\laragon\\www\\Aplikasi-Manajemen Produk\\app\\Views\\layouts\\app.php', 6)
 2 SYSTEMPATH\View\View.php(224): include('C:\\laragon\\www\\Aplikasi-Manajemen Produk\\app\\Views\\layouts\\app.php')
 3 SYSTEMPATH\View\View.php(227): CodeIgniter\View\View->CodeIgniter\View\{closure}()
 4 SYSTEMPATH\Common.php(1173): CodeIgniter\View\View->render('layouts/app', [], true)
 5 APPPATH\Controllers\Home.php(9): view('layouts/app')
 6 SYSTEMPATH\CodeIgniter.php(933): App\Controllers\Home->index()
 7 SYSTEMPATH\CodeIgniter.php(507): CodeIgniter\CodeIgniter->runController(Object(App\Controllers\Home))
 8 SYSTEMPATH\CodeIgniter.php(354): CodeIgniter\CodeIgniter->handleRequest(null, Object(Config\Cache), false)
 9 SYSTEMPATH\Boot.php(334): CodeIgniter\CodeIgniter->run()
10 SYSTEMPATH\Boot.php(67): CodeIgniter\Boot::runCodeIgniter(Object(CodeIgniter\CodeIgniter))
11 FCPATH\index.php(59): CodeIgniter\Boot::bootWeb(Object(Config\Paths))
12 SYSTEMPATH\rewrite.php(44): require_once('C:\\laragon\\www\\Aplikasi-Manajemen Produk\\public\\index.php')
CRITICAL - 2025-06-17 12:30:02 --> ErrorException: Undefined variable $title
[Method: GET, Route: /]
in APPPATH\Views\layouts\app.php on line 6.
 1 APPPATH\Views\layouts\app.php(6): CodeIgniter\Debug\Exceptions->errorHandler(2, 'Undefined variable $title', 'C:\\laragon\\www\\Aplikasi-Manajemen Produk\\app\\Views\\layouts\\app.php', 6)
 2 SYSTEMPATH\View\View.php(224): include('C:\\laragon\\www\\Aplikasi-Manajemen Produk\\app\\Views\\layouts\\app.php')
 3 SYSTEMPATH\View\View.php(227): CodeIgniter\View\View->CodeIgniter\View\{closure}()
 4 SYSTEMPATH\Common.php(1173): CodeIgniter\View\View->render('layouts/app', [], true)
 5 APPPATH\Controllers\Home.php(9): view('layouts/app')
 6 SYSTEMPATH\CodeIgniter.php(933): App\Controllers\Home->index()
 7 SYSTEMPATH\CodeIgniter.php(507): CodeIgniter\CodeIgniter->runController(Object(App\Controllers\Home))
 8 SYSTEMPATH\CodeIgniter.php(354): CodeIgniter\CodeIgniter->handleRequest(null, Object(Config\Cache), false)
 9 SYSTEMPATH\Boot.php(334): CodeIgniter\CodeIgniter->run()
10 SYSTEMPATH\Boot.php(67): CodeIgniter\Boot::runCodeIgniter(Object(CodeIgniter\CodeIgniter))
11 FCPATH\index.php(59): CodeIgniter\Boot::bootWeb(Object(Config\Paths))
12 SYSTEMPATH\rewrite.php(44): require_once('C:\\laragon\\www\\Aplikasi-Manajemen Produk\\public\\index.php')
CRITICAL - 2025-06-17 12:38:14 --> CodeIgniter\View\Exceptions\ViewException: Invalid file: "index.php"
[Method: GET, Route: /]
in SYSTEMPATH\Exceptions\FrameworkException.php on line 39.
 1 SYSTEMPATH\View\View.php(212): CodeIgniter\Exceptions\FrameworkException::forInvalidFile('index.php')
 2 SYSTEMPATH\Common.php(1173): CodeIgniter\View\View->render('index', [], true)
 3 APPPATH\Controllers\Home.php(9): view('index')
 4 SYSTEMPATH\CodeIgniter.php(933): App\Controllers\Home->index()
 5 SYSTEMPATH\CodeIgniter.php(507): CodeIgniter\CodeIgniter->runController(Object(App\Controllers\Home))
 6 SYSTEMPATH\CodeIgniter.php(354): CodeIgniter\CodeIgniter->handleRequest(null, Object(Config\Cache), false)
 7 SYSTEMPATH\Boot.php(334): CodeIgniter\CodeIgniter->run()
 8 SYSTEMPATH\Boot.php(67): CodeIgniter\Boot::runCodeIgniter(Object(CodeIgniter\CodeIgniter))
 9 FCPATH\index.php(59): CodeIgniter\Boot::bootWeb(Object(Config\Paths))
10 SYSTEMPATH\rewrite.php(44): require_once('C:\\laragon\\www\\Aplikasi-Manajemen Produk\\public\\index.php')
CRITICAL - 2025-06-17 12:38:33 --> CodeIgniter\View\Exceptions\ViewException: Invalid file: "index.php"
[Method: GET, Route: /]
in SYSTEMPATH\Exceptions\FrameworkException.php on line 39.
 1 SYSTEMPATH\View\View.php(212): CodeIgniter\Exceptions\FrameworkException::forInvalidFile('index.php')
 2 SYSTEMPATH\Common.php(1173): CodeIgniter\View\View->render('index', [], true)
 3 APPPATH\Controllers\Home.php(9): view('index')
 4 SYSTEMPATH\CodeIgniter.php(933): App\Controllers\Home->index()
 5 SYSTEMPATH\CodeIgniter.php(507): CodeIgniter\CodeIgniter->runController(Object(App\Controllers\Home))
 6 SYSTEMPATH\CodeIgniter.php(354): CodeIgniter\CodeIgniter->handleRequest(null, Object(Config\Cache), false)
 7 SYSTEMPATH\Boot.php(334): CodeIgniter\CodeIgniter->run()
 8 SYSTEMPATH\Boot.php(67): CodeIgniter\Boot::runCodeIgniter(Object(CodeIgniter\CodeIgniter))
 9 FCPATH\index.php(59): CodeIgniter\Boot::bootWeb(Object(Config\Paths))
10 SYSTEMPATH\rewrite.php(44): require_once('C:\\laragon\\www\\Aplikasi-Manajemen Produk\\public\\index.php')
CRITICAL - 2025-06-17 12:39:05 --> CodeIgniter\View\Exceptions\ViewException: Invalid file: "welcom_message.php"
[Method: GET, Route: /]
in SYSTEMPATH\Exceptions\FrameworkException.php on line 39.
 1 SYSTEMPATH\View\View.php(212): CodeIgniter\Exceptions\FrameworkException::forInvalidFile('welcom_message.php')
 2 SYSTEMPATH\Common.php(1173): CodeIgniter\View\View->render('welcom_message', [], true)
 3 APPPATH\Controllers\Home.php(9): view('welcom_message')
 4 SYSTEMPATH\CodeIgniter.php(933): App\Controllers\Home->index()
 5 SYSTEMPATH\CodeIgniter.php(507): CodeIgniter\CodeIgniter->runController(Object(App\Controllers\Home))
 6 SYSTEMPATH\CodeIgniter.php(354): CodeIgniter\CodeIgniter->handleRequest(null, Object(Config\Cache), false)
 7 SYSTEMPATH\Boot.php(334): CodeIgniter\CodeIgniter->run()
 8 SYSTEMPATH\Boot.php(67): CodeIgniter\Boot::runCodeIgniter(Object(CodeIgniter\CodeIgniter))
 9 FCPATH\index.php(59): CodeIgniter\Boot::bootWeb(Object(Config\Paths))
10 SYSTEMPATH\rewrite.php(44): require_once('C:\\laragon\\www\\Aplikasi-Manajemen Produk\\public\\index.php')
CRITICAL - 2025-06-17 12:39:41 --> CodeIgniter\View\Exceptions\ViewException: Invalid file: "index.php"
[Method: GET, Route: /]
in SYSTEMPATH\Exceptions\FrameworkException.php on line 39.
 1 SYSTEMPATH\View\View.php(212): CodeIgniter\Exceptions\FrameworkException::forInvalidFile('index.php')
 2 SYSTEMPATH\Common.php(1173): CodeIgniter\View\View->render('index', [], true)
 3 APPPATH\Controllers\Home.php(9): view('index')
 4 SYSTEMPATH\CodeIgniter.php(933): App\Controllers\Home->index()
 5 SYSTEMPATH\CodeIgniter.php(507): CodeIgniter\CodeIgniter->runController(Object(App\Controllers\Home))
 6 SYSTEMPATH\CodeIgniter.php(354): CodeIgniter\CodeIgniter->handleRequest(null, Object(Config\Cache), false)
 7 SYSTEMPATH\Boot.php(334): CodeIgniter\CodeIgniter->run()
 8 SYSTEMPATH\Boot.php(67): CodeIgniter\Boot::runCodeIgniter(Object(CodeIgniter\CodeIgniter))
 9 FCPATH\index.php(59): CodeIgniter\Boot::bootWeb(Object(Config\Paths))
10 SYSTEMPATH\rewrite.php(44): require_once('C:\\laragon\\www\\Aplikasi-Manajemen Produk\\public\\index.php')
CRITICAL - 2025-06-17 12:40:17 --> CodeIgniter\View\Exceptions\ViewException: Invalid file: "/view/dashboard.php"
[Method: GET, Route: /]
in SYSTEMPATH\Exceptions\FrameworkException.php on line 39.
 1 SYSTEMPATH\View\View.php(212): CodeIgniter\Exceptions\FrameworkException::forInvalidFile('/view/dashboard.php')
 2 SYSTEMPATH\Common.php(1173): CodeIgniter\View\View->render('/view/dashboard', [], true)
 3 APPPATH\Controllers\Home.php(9): view('/view/dashboard')
 4 SYSTEMPATH\CodeIgniter.php(933): App\Controllers\Home->index()
 5 SYSTEMPATH\CodeIgniter.php(507): CodeIgniter\CodeIgniter->runController(Object(App\Controllers\Home))
 6 SYSTEMPATH\CodeIgniter.php(354): CodeIgniter\CodeIgniter->handleRequest(null, Object(Config\Cache), false)
 7 SYSTEMPATH\Boot.php(334): CodeIgniter\CodeIgniter->run()
 8 SYSTEMPATH\Boot.php(67): CodeIgniter\Boot::runCodeIgniter(Object(CodeIgniter\CodeIgniter))
 9 FCPATH\index.php(59): CodeIgniter\Boot::bootWeb(Object(Config\Paths))
10 SYSTEMPATH\rewrite.php(44): require_once('C:\\laragon\\www\\Aplikasi-Manajemen Produk\\public\\index.php')
CRITICAL - 2025-06-17 12:40:50 --> ErrorException: Undefined variable $total_products
[Method: GET, Route: /]
in APPPATH\Views\index.php on line 9.
 1 APPPATH\Views\index.php(9): CodeIgniter\Debug\Exceptions->errorHandler(2, 'Undefined variable $total_products', 'C:\\laragon\\www\\Aplikasi-Manajemen Produk\\app\\Views\\index.php', 9)
 2 SYSTEMPATH\View\View.php(224): include('C:\\laragon\\www\\Aplikasi-Manajemen Produk\\app\\Views\\index.php')
 3 SYSTEMPATH\View\View.php(227): CodeIgniter\View\View->CodeIgniter\View\{closure}()
 4 SYSTEMPATH\Common.php(1173): CodeIgniter\View\View->render('index', [], true)
 5 APPPATH\Controllers\Home.php(9): view('index')
 6 SYSTEMPATH\CodeIgniter.php(933): App\Controllers\Home->index()
 7 SYSTEMPATH\CodeIgniter.php(507): CodeIgniter\CodeIgniter->runController(Object(App\Controllers\Home))
 8 SYSTEMPATH\CodeIgniter.php(354): CodeIgniter\CodeIgniter->handleRequest(null, Object(Config\Cache), false)
 9 SYSTEMPATH\Boot.php(334): CodeIgniter\CodeIgniter->run()
10 SYSTEMPATH\Boot.php(67): CodeIgniter\Boot::runCodeIgniter(Object(CodeIgniter\CodeIgniter))
11 FCPATH\index.php(59): CodeIgniter\Boot::bootWeb(Object(Config\Paths))
12 SYSTEMPATH\rewrite.php(44): require_once('C:\\laragon\\www\\Aplikasi-Manajemen Produk\\public\\index.php')
CRITICAL - 2025-06-17 12:45:42 --> CodeIgniter\View\Exceptions\ViewException: Invalid file: "index.php"
[Method: GET, Route: /]
in SYSTEMPATH\Exceptions\FrameworkException.php on line 39.
 1 SYSTEMPATH\View\View.php(212): CodeIgniter\Exceptions\FrameworkException::forInvalidFile('index.php')
 2 SYSTEMPATH\Common.php(1173): CodeIgniter\View\View->render('index', [], true)
 3 APPPATH\Controllers\Home.php(9): view('index')
 4 SYSTEMPATH\CodeIgniter.php(933): App\Controllers\Home->index()
 5 SYSTEMPATH\CodeIgniter.php(507): CodeIgniter\CodeIgniter->runController(Object(App\Controllers\Home))
 6 SYSTEMPATH\CodeIgniter.php(354): CodeIgniter\CodeIgniter->handleRequest(null, Object(Config\Cache), false)
 7 SYSTEMPATH\Boot.php(334): CodeIgniter\CodeIgniter->run()
 8 SYSTEMPATH\Boot.php(67): CodeIgniter\Boot::runCodeIgniter(Object(CodeIgniter\CodeIgniter))
 9 FCPATH\index.php(59): CodeIgniter\Boot::bootWeb(Object(Config\Paths))
10 SYSTEMPATH\rewrite.php(44): require_once('C:\\laragon\\www\\Aplikasi-Manajemen Produk\\public\\index.php')
ERROR - 2025-06-17 12:47:32 --> Error connecting to the database: mysqli_sql_exception: No connection could be made because the target machine actively refused it in C:\laragon\www\Aplikasi-Manajemen Produk\system\Database\MySQLi\Connection.php:201
Stack trace:
#0 C:\laragon\www\Aplikasi-Manajemen Produk\system\Database\MySQLi\Connection.php(201): mysqli->real_connect('localhost', '', Object(SensitiveParameterValue), '', 3306, '', 0)
#1 C:\laragon\www\Aplikasi-Manajemen Produk\system\Database\BaseConnection.php(421): CodeIgniter\Database\MySQLi\Connection->connect(false)
#2 C:\laragon\www\Aplikasi-Manajemen Produk\system\Database\BaseConnection.php(620): CodeIgniter\Database\BaseConnection->initialize()
#3 C:\laragon\www\Aplikasi-Manajemen Produk\system\Database\BaseBuilder.php(1678): CodeIgniter\Database\BaseConnection->query('SELECT COUNT(*)...', NULL, false)
#4 C:\laragon\www\Aplikasi-Manajemen Produk\system\Model.php(928): CodeIgniter\Database\BaseBuilder->countAll()
#5 C:\laragon\www\Aplikasi-Manajemen Produk\app\Controllers\Dashboard.php(23): CodeIgniter\Model->__call('countAll', Array)
#6 C:\laragon\www\Aplikasi-Manajemen Produk\system\CodeIgniter.php(933): App\Controllers\Dashboard->index()
#7 C:\laragon\www\Aplikasi-Manajemen Produk\system\CodeIgniter.php(507): CodeIgniter\CodeIgniter->runController(Object(App\Controllers\Dashboard))
#8 C:\laragon\www\Aplikasi-Manajemen Produk\system\CodeIgniter.php(354): CodeIgniter\CodeIgniter->handleRequest(NULL, Object(Config\Cache), false)
#9 C:\laragon\www\Aplikasi-Manajemen Produk\system\Boot.php(334): CodeIgniter\CodeIgniter->run()
#10 C:\laragon\www\Aplikasi-Manajemen Produk\system\Boot.php(67): CodeIgniter\Boot::runCodeIgniter(Object(CodeIgniter\CodeIgniter))
#11 C:\laragon\www\Aplikasi-Manajemen Produk\public\index.php(59): CodeIgniter\Boot::bootWeb(Object(Config\Paths))
#12 C:\laragon\www\Aplikasi-Manajemen Produk\system\rewrite.php(44): require_once('C:\\laragon\\www\\...')
#13 {main}

Next CodeIgniter\Database\Exceptions\DatabaseException: No connection could be made because the target machine actively refused it in C:\laragon\www\Aplikasi-Manajemen Produk\system\Database\MySQLi\Connection.php:246
Stack trace:
#0 C:\laragon\www\Aplikasi-Manajemen Produk\system\Database\BaseConnection.php(421): CodeIgniter\Database\MySQLi\Connection->connect(false)
#1 C:\laragon\www\Aplikasi-Manajemen Produk\system\Database\BaseConnection.php(620): CodeIgniter\Database\BaseConnection->initialize()
#2 C:\laragon\www\Aplikasi-Manajemen Produk\system\Database\BaseBuilder.php(1678): CodeIgniter\Database\BaseConnection->query('SELECT COUNT(*)...', NULL, false)
#3 C:\laragon\www\Aplikasi-Manajemen Produk\system\Model.php(928): CodeIgniter\Database\BaseBuilder->countAll()
#4 C:\laragon\www\Aplikasi-Manajemen Produk\app\Controllers\Dashboard.php(23): CodeIgniter\Model->__call('countAll', Array)
#5 C:\laragon\www\Aplikasi-Manajemen Produk\system\CodeIgniter.php(933): App\Controllers\Dashboard->index()
#6 C:\laragon\www\Aplikasi-Manajemen Produk\system\CodeIgniter.php(507): CodeIgniter\CodeIgniter->runController(Object(App\Controllers\Dashboard))
#7 C:\laragon\www\Aplikasi-Manajemen Produk\system\CodeIgniter.php(354): CodeIgniter\CodeIgniter->handleRequest(NULL, Object(Config\Cache), false)
#8 C:\laragon\www\Aplikasi-Manajemen Produk\system\Boot.php(334): CodeIgniter\CodeIgniter->run()
#9 C:\laragon\www\Aplikasi-Manajemen Produk\system\Boot.php(67): CodeIgniter\Boot::runCodeIgniter(Object(CodeIgniter\CodeIgniter))
#10 C:\laragon\www\Aplikasi-Manajemen Produk\public\index.php(59): CodeIgniter\Boot::bootWeb(Object(Config\Paths))
#11 C:\laragon\www\Aplikasi-Manajemen Produk\system\rewrite.php(44): require_once('C:\\laragon\\www\\...')
#12 {main}
CRITICAL - 2025-06-17 12:47:32 --> CodeIgniter\Database\Exceptions\DatabaseException: Unable to connect to the database.
Main connection [MySQLi]: No connection could be made because the target machine actively refused it
[Method: GET, Route: /]
in SYSTEMPATH\Database\BaseConnection.php on line 467.
 1 SYSTEMPATH\Database\BaseConnection.php(620): CodeIgniter\Database\BaseConnection->initialize()
 2 SYSTEMPATH\Database\BaseBuilder.php(1678): CodeIgniter\Database\BaseConnection->query('SELECT COUNT(*) AS `numrows` FROM `products`', null, false)
 3 SYSTEMPATH\Model.php(928): CodeIgniter\Database\BaseBuilder->countAll()
 4 APPPATH\Controllers\Dashboard.php(23): CodeIgniter\Model->__call('countAll', [])
 5 SYSTEMPATH\CodeIgniter.php(933): App\Controllers\Dashboard->index()
 6 SYSTEMPATH\CodeIgniter.php(507): CodeIgniter\CodeIgniter->runController(Object(App\Controllers\Dashboard))
 7 SYSTEMPATH\CodeIgniter.php(354): CodeIgniter\CodeIgniter->handleRequest(null, Object(Config\Cache), false)
 8 SYSTEMPATH\Boot.php(334): CodeIgniter\CodeIgniter->run()
 9 SYSTEMPATH\Boot.php(67): CodeIgniter\Boot::runCodeIgniter(Object(CodeIgniter\CodeIgniter))
10 FCPATH\index.php(59): CodeIgniter\Boot::bootWeb(Object(Config\Paths))
11 SYSTEMPATH\rewrite.php(44): require_once('C:\\laragon\\www\\Aplikasi-Manajemen Produk\\public\\index.php')
ERROR - 2025-06-17 12:48:20 --> Error connecting to the database: mysqli_sql_exception: No connection could be made because the target machine actively refused it in C:\laragon\www\Aplikasi-Manajemen Produk\system\Database\MySQLi\Connection.php:201
Stack trace:
#0 C:\laragon\www\Aplikasi-Manajemen Produk\system\Database\MySQLi\Connection.php(201): mysqli->real_connect('localhost', '', Object(SensitiveParameterValue), '', 3306, '', 0)
#1 C:\laragon\www\Aplikasi-Manajemen Produk\system\Database\BaseConnection.php(421): CodeIgniter\Database\MySQLi\Connection->connect(false)
#2 C:\laragon\www\Aplikasi-Manajemen Produk\system\Database\BaseConnection.php(620): CodeIgniter\Database\BaseConnection->initialize()
#3 C:\laragon\www\Aplikasi-Manajemen Produk\system\Database\BaseBuilder.php(1678): CodeIgniter\Database\BaseConnection->query('SELECT COUNT(*)...', NULL, false)
#4 C:\laragon\www\Aplikasi-Manajemen Produk\system\Model.php(928): CodeIgniter\Database\BaseBuilder->countAll()
#5 C:\laragon\www\Aplikasi-Manajemen Produk\app\Controllers\Dashboard.php(23): CodeIgniter\Model->__call('countAll', Array)
#6 C:\laragon\www\Aplikasi-Manajemen Produk\system\CodeIgniter.php(933): App\Controllers\Dashboard->index()
#7 C:\laragon\www\Aplikasi-Manajemen Produk\system\CodeIgniter.php(507): CodeIgniter\CodeIgniter->runController(Object(App\Controllers\Dashboard))
#8 C:\laragon\www\Aplikasi-Manajemen Produk\system\CodeIgniter.php(354): CodeIgniter\CodeIgniter->handleRequest(NULL, Object(Config\Cache), false)
#9 C:\laragon\www\Aplikasi-Manajemen Produk\system\Boot.php(334): CodeIgniter\CodeIgniter->run()
#10 C:\laragon\www\Aplikasi-Manajemen Produk\system\Boot.php(67): CodeIgniter\Boot::runCodeIgniter(Object(CodeIgniter\CodeIgniter))
#11 C:\laragon\www\Aplikasi-Manajemen Produk\public\index.php(59): CodeIgniter\Boot::bootWeb(Object(Config\Paths))
#12 C:\laragon\www\Aplikasi-Manajemen Produk\system\rewrite.php(44): require_once('C:\\laragon\\www\\...')
#13 {main}

Next CodeIgniter\Database\Exceptions\DatabaseException: No connection could be made because the target machine actively refused it in C:\laragon\www\Aplikasi-Manajemen Produk\system\Database\MySQLi\Connection.php:246
Stack trace:
#0 C:\laragon\www\Aplikasi-Manajemen Produk\system\Database\BaseConnection.php(421): CodeIgniter\Database\MySQLi\Connection->connect(false)
#1 C:\laragon\www\Aplikasi-Manajemen Produk\system\Database\BaseConnection.php(620): CodeIgniter\Database\BaseConnection->initialize()
#2 C:\laragon\www\Aplikasi-Manajemen Produk\system\Database\BaseBuilder.php(1678): CodeIgniter\Database\BaseConnection->query('SELECT COUNT(*)...', NULL, false)
#3 C:\laragon\www\Aplikasi-Manajemen Produk\system\Model.php(928): CodeIgniter\Database\BaseBuilder->countAll()
#4 C:\laragon\www\Aplikasi-Manajemen Produk\app\Controllers\Dashboard.php(23): CodeIgniter\Model->__call('countAll', Array)
#5 C:\laragon\www\Aplikasi-Manajemen Produk\system\CodeIgniter.php(933): App\Controllers\Dashboard->index()
#6 C:\laragon\www\Aplikasi-Manajemen Produk\system\CodeIgniter.php(507): CodeIgniter\CodeIgniter->runController(Object(App\Controllers\Dashboard))
#7 C:\laragon\www\Aplikasi-Manajemen Produk\system\CodeIgniter.php(354): CodeIgniter\CodeIgniter->handleRequest(NULL, Object(Config\Cache), false)
#8 C:\laragon\www\Aplikasi-Manajemen Produk\system\Boot.php(334): CodeIgniter\CodeIgniter->run()
#9 C:\laragon\www\Aplikasi-Manajemen Produk\system\Boot.php(67): CodeIgniter\Boot::runCodeIgniter(Object(CodeIgniter\CodeIgniter))
#10 C:\laragon\www\Aplikasi-Manajemen Produk\public\index.php(59): CodeIgniter\Boot::bootWeb(Object(Config\Paths))
#11 C:\laragon\www\Aplikasi-Manajemen Produk\system\rewrite.php(44): require_once('C:\\laragon\\www\\...')
#12 {main}
CRITICAL - 2025-06-17 12:48:20 --> CodeIgniter\Database\Exceptions\DatabaseException: Unable to connect to the database.
Main connection [MySQLi]: No connection could be made because the target machine actively refused it
[Method: GET, Route: /]
in SYSTEMPATH\Database\BaseConnection.php on line 467.
 1 SYSTEMPATH\Database\BaseConnection.php(620): CodeIgniter\Database\BaseConnection->initialize()
 2 SYSTEMPATH\Database\BaseBuilder.php(1678): CodeIgniter\Database\BaseConnection->query('SELECT COUNT(*) AS `numrows` FROM `products`', null, false)
 3 SYSTEMPATH\Model.php(928): CodeIgniter\Database\BaseBuilder->countAll()
 4 APPPATH\Controllers\Dashboard.php(23): CodeIgniter\Model->__call('countAll', [])
 5 SYSTEMPATH\CodeIgniter.php(933): App\Controllers\Dashboard->index()
 6 SYSTEMPATH\CodeIgniter.php(507): CodeIgniter\CodeIgniter->runController(Object(App\Controllers\Dashboard))
 7 SYSTEMPATH\CodeIgniter.php(354): CodeIgniter\CodeIgniter->handleRequest(null, Object(Config\Cache), false)
 8 SYSTEMPATH\Boot.php(334): CodeIgniter\CodeIgniter->run()
 9 SYSTEMPATH\Boot.php(67): CodeIgniter\Boot::runCodeIgniter(Object(CodeIgniter\CodeIgniter))
10 FCPATH\index.php(59): CodeIgniter\Boot::bootWeb(Object(Config\Paths))
11 SYSTEMPATH\rewrite.php(44): require_once('C:\\laragon\\www\\Aplikasi-Manajemen Produk\\public\\index.php')
ERROR - 2025-06-17 12:48:28 --> Error connecting to the database: mysqli_sql_exception: No connection could be made because the target machine actively refused it in C:\laragon\www\Aplikasi-Manajemen Produk\system\Database\MySQLi\Connection.php:201
Stack trace:
#0 C:\laragon\www\Aplikasi-Manajemen Produk\system\Database\MySQLi\Connection.php(201): mysqli->real_connect('localhost', '', Object(SensitiveParameterValue), '', 3306, '', 0)
#1 C:\laragon\www\Aplikasi-Manajemen Produk\system\Database\BaseConnection.php(421): CodeIgniter\Database\MySQLi\Connection->connect(false)
#2 C:\laragon\www\Aplikasi-Manajemen Produk\system\Database\BaseConnection.php(620): CodeIgniter\Database\BaseConnection->initialize()
#3 C:\laragon\www\Aplikasi-Manajemen Produk\system\Database\BaseBuilder.php(1678): CodeIgniter\Database\BaseConnection->query('SELECT COUNT(*)...', NULL, false)
#4 C:\laragon\www\Aplikasi-Manajemen Produk\system\Model.php(928): CodeIgniter\Database\BaseBuilder->countAll()
#5 C:\laragon\www\Aplikasi-Manajemen Produk\app\Controllers\Dashboard.php(23): CodeIgniter\Model->__call('countAll', Array)
#6 C:\laragon\www\Aplikasi-Manajemen Produk\system\CodeIgniter.php(933): App\Controllers\Dashboard->index()
#7 C:\laragon\www\Aplikasi-Manajemen Produk\system\CodeIgniter.php(507): CodeIgniter\CodeIgniter->runController(Object(App\Controllers\Dashboard))
#8 C:\laragon\www\Aplikasi-Manajemen Produk\system\CodeIgniter.php(354): CodeIgniter\CodeIgniter->handleRequest(NULL, Object(Config\Cache), false)
#9 C:\laragon\www\Aplikasi-Manajemen Produk\system\Boot.php(334): CodeIgniter\CodeIgniter->run()
#10 C:\laragon\www\Aplikasi-Manajemen Produk\system\Boot.php(67): CodeIgniter\Boot::runCodeIgniter(Object(CodeIgniter\CodeIgniter))
#11 C:\laragon\www\Aplikasi-Manajemen Produk\public\index.php(59): CodeIgniter\Boot::bootWeb(Object(Config\Paths))
#12 C:\laragon\www\Aplikasi-Manajemen Produk\system\rewrite.php(44): require_once('C:\\laragon\\www\\...')
#13 {main}

Next CodeIgniter\Database\Exceptions\DatabaseException: No connection could be made because the target machine actively refused it in C:\laragon\www\Aplikasi-Manajemen Produk\system\Database\MySQLi\Connection.php:246
Stack trace:
#0 C:\laragon\www\Aplikasi-Manajemen Produk\system\Database\BaseConnection.php(421): CodeIgniter\Database\MySQLi\Connection->connect(false)
#1 C:\laragon\www\Aplikasi-Manajemen Produk\system\Database\BaseConnection.php(620): CodeIgniter\Database\BaseConnection->initialize()
#2 C:\laragon\www\Aplikasi-Manajemen Produk\system\Database\BaseBuilder.php(1678): CodeIgniter\Database\BaseConnection->query('SELECT COUNT(*)...', NULL, false)
#3 C:\laragon\www\Aplikasi-Manajemen Produk\system\Model.php(928): CodeIgniter\Database\BaseBuilder->countAll()
#4 C:\laragon\www\Aplikasi-Manajemen Produk\app\Controllers\Dashboard.php(23): CodeIgniter\Model->__call('countAll', Array)
#5 C:\laragon\www\Aplikasi-Manajemen Produk\system\CodeIgniter.php(933): App\Controllers\Dashboard->index()
#6 C:\laragon\www\Aplikasi-Manajemen Produk\system\CodeIgniter.php(507): CodeIgniter\CodeIgniter->runController(Object(App\Controllers\Dashboard))
#7 C:\laragon\www\Aplikasi-Manajemen Produk\system\CodeIgniter.php(354): CodeIgniter\CodeIgniter->handleRequest(NULL, Object(Config\Cache), false)
#8 C:\laragon\www\Aplikasi-Manajemen Produk\system\Boot.php(334): CodeIgniter\CodeIgniter->run()
#9 C:\laragon\www\Aplikasi-Manajemen Produk\system\Boot.php(67): CodeIgniter\Boot::runCodeIgniter(Object(CodeIgniter\CodeIgniter))
#10 C:\laragon\www\Aplikasi-Manajemen Produk\public\index.php(59): CodeIgniter\Boot::bootWeb(Object(Config\Paths))
#11 C:\laragon\www\Aplikasi-Manajemen Produk\system\rewrite.php(44): require_once('C:\\laragon\\www\\...')
#12 {main}
CRITICAL - 2025-06-17 12:48:28 --> CodeIgniter\Database\Exceptions\DatabaseException: Unable to connect to the database.
Main connection [MySQLi]: No connection could be made because the target machine actively refused it
[Method: GET, Route: /]
in SYSTEMPATH\Database\BaseConnection.php on line 467.
 1 SYSTEMPATH\Database\BaseConnection.php(620): CodeIgniter\Database\BaseConnection->initialize()
 2 SYSTEMPATH\Database\BaseBuilder.php(1678): CodeIgniter\Database\BaseConnection->query('SELECT COUNT(*) AS `numrows` FROM `products`', null, false)
 3 SYSTEMPATH\Model.php(928): CodeIgniter\Database\BaseBuilder->countAll()
 4 APPPATH\Controllers\Dashboard.php(23): CodeIgniter\Model->__call('countAll', [])
 5 SYSTEMPATH\CodeIgniter.php(933): App\Controllers\Dashboard->index()
 6 SYSTEMPATH\CodeIgniter.php(507): CodeIgniter\CodeIgniter->runController(Object(App\Controllers\Dashboard))
 7 SYSTEMPATH\CodeIgniter.php(354): CodeIgniter\CodeIgniter->handleRequest(null, Object(Config\Cache), false)
 8 SYSTEMPATH\Boot.php(334): CodeIgniter\CodeIgniter->run()
 9 SYSTEMPATH\Boot.php(67): CodeIgniter\Boot::runCodeIgniter(Object(CodeIgniter\CodeIgniter))
10 FCPATH\index.php(59): CodeIgniter\Boot::bootWeb(Object(Config\Paths))
11 SYSTEMPATH\rewrite.php(44): require_once('C:\\laragon\\www\\Aplikasi-Manajemen Produk\\public\\index.php')
ERROR - 2025-06-17 12:50:48 --> Error connecting to the database: mysqli_sql_exception: No connection could be made because the target machine actively refused it in C:\laragon\www\Aplikasi-Manajemen Produk\system\Database\MySQLi\Connection.php:201
Stack trace:
#0 C:\laragon\www\Aplikasi-Manajemen Produk\system\Database\MySQLi\Connection.php(201): mysqli->real_connect('localhost', '', Object(SensitiveParameterValue), '', 3306, '', 0)
#1 C:\laragon\www\Aplikasi-Manajemen Produk\system\Database\BaseConnection.php(421): CodeIgniter\Database\MySQLi\Connection->connect(false)
#2 C:\laragon\www\Aplikasi-Manajemen Produk\system\Database\BaseConnection.php(620): CodeIgniter\Database\BaseConnection->initialize()
#3 C:\laragon\www\Aplikasi-Manajemen Produk\system\Database\BaseBuilder.php(1678): CodeIgniter\Database\BaseConnection->query('SELECT COUNT(*)...', NULL, false)
#4 C:\laragon\www\Aplikasi-Manajemen Produk\system\Model.php(928): CodeIgniter\Database\BaseBuilder->countAll()
#5 C:\laragon\www\Aplikasi-Manajemen Produk\app\Controllers\Dashboard.php(23): CodeIgniter\Model->__call('countAll', Array)
#6 C:\laragon\www\Aplikasi-Manajemen Produk\system\CodeIgniter.php(933): App\Controllers\Dashboard->index()
#7 C:\laragon\www\Aplikasi-Manajemen Produk\system\CodeIgniter.php(507): CodeIgniter\CodeIgniter->runController(Object(App\Controllers\Dashboard))
#8 C:\laragon\www\Aplikasi-Manajemen Produk\system\CodeIgniter.php(354): CodeIgniter\CodeIgniter->handleRequest(NULL, Object(Config\Cache), false)
#9 C:\laragon\www\Aplikasi-Manajemen Produk\system\Boot.php(334): CodeIgniter\CodeIgniter->run()
#10 C:\laragon\www\Aplikasi-Manajemen Produk\system\Boot.php(67): CodeIgniter\Boot::runCodeIgniter(Object(CodeIgniter\CodeIgniter))
#11 C:\laragon\www\Aplikasi-Manajemen Produk\public\index.php(59): CodeIgniter\Boot::bootWeb(Object(Config\Paths))
#12 C:\laragon\www\Aplikasi-Manajemen Produk\system\rewrite.php(44): require_once('C:\\laragon\\www\\...')
#13 {main}

Next CodeIgniter\Database\Exceptions\DatabaseException: No connection could be made because the target machine actively refused it in C:\laragon\www\Aplikasi-Manajemen Produk\system\Database\MySQLi\Connection.php:246
Stack trace:
#0 C:\laragon\www\Aplikasi-Manajemen Produk\system\Database\BaseConnection.php(421): CodeIgniter\Database\MySQLi\Connection->connect(false)
#1 C:\laragon\www\Aplikasi-Manajemen Produk\system\Database\BaseConnection.php(620): CodeIgniter\Database\BaseConnection->initialize()
#2 C:\laragon\www\Aplikasi-Manajemen Produk\system\Database\BaseBuilder.php(1678): CodeIgniter\Database\BaseConnection->query('SELECT COUNT(*)...', NULL, false)
#3 C:\laragon\www\Aplikasi-Manajemen Produk\system\Model.php(928): CodeIgniter\Database\BaseBuilder->countAll()
#4 C:\laragon\www\Aplikasi-Manajemen Produk\app\Controllers\Dashboard.php(23): CodeIgniter\Model->__call('countAll', Array)
#5 C:\laragon\www\Aplikasi-Manajemen Produk\system\CodeIgniter.php(933): App\Controllers\Dashboard->index()
#6 C:\laragon\www\Aplikasi-Manajemen Produk\system\CodeIgniter.php(507): CodeIgniter\CodeIgniter->runController(Object(App\Controllers\Dashboard))
#7 C:\laragon\www\Aplikasi-Manajemen Produk\system\CodeIgniter.php(354): CodeIgniter\CodeIgniter->handleRequest(NULL, Object(Config\Cache), false)
#8 C:\laragon\www\Aplikasi-Manajemen Produk\system\Boot.php(334): CodeIgniter\CodeIgniter->run()
#9 C:\laragon\www\Aplikasi-Manajemen Produk\system\Boot.php(67): CodeIgniter\Boot::runCodeIgniter(Object(CodeIgniter\CodeIgniter))
#10 C:\laragon\www\Aplikasi-Manajemen Produk\public\index.php(59): CodeIgniter\Boot::bootWeb(Object(Config\Paths))
#11 C:\laragon\www\Aplikasi-Manajemen Produk\system\rewrite.php(44): require_once('C:\\laragon\\www\\...')
#12 {main}
CRITICAL - 2025-06-17 12:50:48 --> CodeIgniter\Database\Exceptions\DatabaseException: Unable to connect to the database.
Main connection [MySQLi]: No connection could be made because the target machine actively refused it
[Method: GET, Route: /]
in SYSTEMPATH\Database\BaseConnection.php on line 467.
 1 SYSTEMPATH\Database\BaseConnection.php(620): CodeIgniter\Database\BaseConnection->initialize()
 2 SYSTEMPATH\Database\BaseBuilder.php(1678): CodeIgniter\Database\BaseConnection->query('SELECT COUNT(*) AS `numrows` FROM `products`', null, false)
 3 SYSTEMPATH\Model.php(928): CodeIgniter\Database\BaseBuilder->countAll()
 4 APPPATH\Controllers\Dashboard.php(23): CodeIgniter\Model->__call('countAll', [])
 5 SYSTEMPATH\CodeIgniter.php(933): App\Controllers\Dashboard->index()
 6 SYSTEMPATH\CodeIgniter.php(507): CodeIgniter\CodeIgniter->runController(Object(App\Controllers\Dashboard))
 7 SYSTEMPATH\CodeIgniter.php(354): CodeIgniter\CodeIgniter->handleRequest(null, Object(Config\Cache), false)
 8 SYSTEMPATH\Boot.php(334): CodeIgniter\CodeIgniter->run()
 9 SYSTEMPATH\Boot.php(67): CodeIgniter\Boot::runCodeIgniter(Object(CodeIgniter\CodeIgniter))
10 FCPATH\index.php(59): CodeIgniter\Boot::bootWeb(Object(Config\Paths))
11 SYSTEMPATH\rewrite.php(44): require_once('C:\\laragon\\www\\Aplikasi-Manajemen Produk\\public\\index.php')
CRITICAL - 2025-06-17 12:54:02 --> TypeError: App\Models\UserModel::findByUsername(): Argument #1 ($username) must be of type string, null given, called in C:\laragon\www\Aplikasi-Manajemen Produk\app\Controllers\Auth.php on line 31
[Method: GET, Route: login]
in APPPATH\Models\UserModel.php on line 86.
 1 APPPATH\Controllers\Auth.php(31): App\Models\UserModel->findByUsername(null)
 2 SYSTEMPATH\CodeIgniter.php(933): App\Controllers\Auth->login()
 3 SYSTEMPATH\CodeIgniter.php(507): CodeIgniter\CodeIgniter->runController(Object(App\Controllers\Auth))
 4 SYSTEMPATH\CodeIgniter.php(354): CodeIgniter\CodeIgniter->handleRequest(null, Object(Config\Cache), false)
 5 SYSTEMPATH\Boot.php(334): CodeIgniter\CodeIgniter->run()
 6 SYSTEMPATH\Boot.php(67): CodeIgniter\Boot::runCodeIgniter(Object(CodeIgniter\CodeIgniter))
 7 FCPATH\index.php(59): CodeIgniter\Boot::bootWeb(Object(Config\Paths))
 8 SYSTEMPATH\rewrite.php(44): require_once('C:\\laragon\\www\\Aplikasi-Manajemen Produk\\public\\index.php')
