ERROR - 2025-06-19 05:01:47 --> Error connecting to the database: mysqli_sql_exception: No connection could be made because the target machine actively refused it in C:\laragon\www\Aplikasi-Manajemen-Produk\system\Database\MySQLi\Connection.php:201
Stack trace:
#0 C:\laragon\www\Aplikasi-Manajemen-Produk\system\Database\MySQLi\Connection.php(201): mysqli->real_connect('localhost', 'root', Object(SensitiveParameterValue), 'manajemen_produ...', 3306, '', 0)
#1 C:\laragon\www\Aplikasi-Manajemen-Produk\system\Database\BaseConnection.php(421): CodeIgniter\Database\MySQLi\Connection->connect(false)
#2 C:\laragon\www\Aplikasi-Manajemen-Produk\system\Database\BaseConnection.php(620): CodeIgniter\Database\BaseConnection->initialize()
#3 C:\laragon\www\Aplikasi-Manajemen-Produk\system\Database\BaseBuilder.php(1649): CodeIgniter\Database\BaseConnection->query('SELECT *\nFROM `...', Array, false)
#4 C:\laragon\www\Aplikasi-Manajemen-Produk\system\Model.php(330): CodeIgniter\Database\BaseBuilder->get()
#5 C:\laragon\www\Aplikasi-Manajemen-Produk\system\BaseModel.php(717): CodeIgniter\Model->doFirst()
#6 C:\laragon\www\Aplikasi-Manajemen-Produk\app\Controllers\Auth.php(30): CodeIgniter\BaseModel->first()
#7 C:\laragon\www\Aplikasi-Manajemen-Produk\system\CodeIgniter.php(933): App\Controllers\Auth->login()
#8 C:\laragon\www\Aplikasi-Manajemen-Produk\system\CodeIgniter.php(507): CodeIgniter\CodeIgniter->runController(Object(App\Controllers\Auth))
#9 C:\laragon\www\Aplikasi-Manajemen-Produk\system\CodeIgniter.php(354): CodeIgniter\CodeIgniter->handleRequest(NULL, Object(Config\Cache), false)
#10 C:\laragon\www\Aplikasi-Manajemen-Produk\system\Boot.php(334): CodeIgniter\CodeIgniter->run()
#11 C:\laragon\www\Aplikasi-Manajemen-Produk\system\Boot.php(67): CodeIgniter\Boot::runCodeIgniter(Object(CodeIgniter\CodeIgniter))
#12 C:\laragon\www\Aplikasi-Manajemen-Produk\public\index.php(59): CodeIgniter\Boot::bootWeb(Object(Config\Paths))
#13 C:\laragon\www\Aplikasi-Manajemen-Produk\system\rewrite.php(44): require_once('C:\\laragon\\www\\...')
#14 {main}

Next CodeIgniter\Database\Exceptions\DatabaseException: No connection could be made because the target machine actively refused it in C:\laragon\www\Aplikasi-Manajemen-Produk\system\Database\MySQLi\Connection.php:246
Stack trace:
#0 C:\laragon\www\Aplikasi-Manajemen-Produk\system\Database\BaseConnection.php(421): CodeIgniter\Database\MySQLi\Connection->connect(false)
#1 C:\laragon\www\Aplikasi-Manajemen-Produk\system\Database\BaseConnection.php(620): CodeIgniter\Database\BaseConnection->initialize()
#2 C:\laragon\www\Aplikasi-Manajemen-Produk\system\Database\BaseBuilder.php(1649): CodeIgniter\Database\BaseConnection->query('SELECT *\nFROM `...', Array, false)
#3 C:\laragon\www\Aplikasi-Manajemen-Produk\system\Model.php(330): CodeIgniter\Database\BaseBuilder->get()
#4 C:\laragon\www\Aplikasi-Manajemen-Produk\system\BaseModel.php(717): CodeIgniter\Model->doFirst()
#5 C:\laragon\www\Aplikasi-Manajemen-Produk\app\Controllers\Auth.php(30): CodeIgniter\BaseModel->first()
#6 C:\laragon\www\Aplikasi-Manajemen-Produk\system\CodeIgniter.php(933): App\Controllers\Auth->login()
#7 C:\laragon\www\Aplikasi-Manajemen-Produk\system\CodeIgniter.php(507): CodeIgniter\CodeIgniter->runController(Object(App\Controllers\Auth))
#8 C:\laragon\www\Aplikasi-Manajemen-Produk\system\CodeIgniter.php(354): CodeIgniter\CodeIgniter->handleRequest(NULL, Object(Config\Cache), false)
#9 C:\laragon\www\Aplikasi-Manajemen-Produk\system\Boot.php(334): CodeIgniter\CodeIgniter->run()
#10 C:\laragon\www\Aplikasi-Manajemen-Produk\system\Boot.php(67): CodeIgniter\Boot::runCodeIgniter(Object(CodeIgniter\CodeIgniter))
#11 C:\laragon\www\Aplikasi-Manajemen-Produk\public\index.php(59): CodeIgniter\Boot::bootWeb(Object(Config\Paths))
#12 C:\laragon\www\Aplikasi-Manajemen-Produk\system\rewrite.php(44): require_once('C:\\laragon\\www\\...')
#13 {main}
CRITICAL - 2025-06-19 05:01:47 --> CodeIgniter\Database\Exceptions\DatabaseException: Unable to connect to the database.
Main connection [MySQLi]: No connection could be made because the target machine actively refused it
[Method: POST, Route: login]
in SYSTEMPATH\Database\BaseConnection.php on line 467.
 1 SYSTEMPATH\Database\BaseConnection.php(620): CodeIgniter\Database\BaseConnection->initialize()
 2 SYSTEMPATH\Database\BaseBuilder.php(1649): CodeIgniter\Database\BaseConnection->query('SELECT *
FROM `users`
WHERE `username` = :username:
 LIMIT 1', [...], false)
 3 SYSTEMPATH\Model.php(330): CodeIgniter\Database\BaseBuilder->get()
 4 SYSTEMPATH\BaseModel.php(717): CodeIgniter\Model->doFirst()
 5 APPPATH\Controllers\Auth.php(30): CodeIgniter\BaseModel->first()
 6 SYSTEMPATH\CodeIgniter.php(933): App\Controllers\Auth->login()
 7 SYSTEMPATH\CodeIgniter.php(507): CodeIgniter\CodeIgniter->runController(Object(App\Controllers\Auth))
 8 SYSTEMPATH\CodeIgniter.php(354): CodeIgniter\CodeIgniter->handleRequest(null, Object(Config\Cache), false)
 9 SYSTEMPATH\Boot.php(334): CodeIgniter\CodeIgniter->run()
10 SYSTEMPATH\Boot.php(67): CodeIgniter\Boot::runCodeIgniter(Object(CodeIgniter\CodeIgniter))
11 FCPATH\index.php(59): CodeIgniter\Boot::bootWeb(Object(Config\Paths))
12 SYSTEMPATH\rewrite.php(44): require_once('C:\\laragon\\www\\Aplikasi-Manajemen-Produk\\public\\index.php')
CRITICAL - 2025-06-19 05:01:47 --> ErrorException: Uncaught Error: Call to undefined method CodeIgniter\Debug\ExceptionHandler::renderSection() in C:\laragon\www\Aplikasi-Manajemen-Produk\app\Views\layouts\auth.php:20
Stack trace:
#0 C:\laragon\www\Aplikasi-Manajemen-Produk\app\Views\errors\html\production.php(30): include()
#1 C:\laragon\www\Aplikasi-Manajemen-Produk\system\Debug\BaseExceptionHandler.php(266): include('C:\\laragon\\www\\...')
#2 C:\laragon\www\Aplikasi-Manajemen-Produk\system\Debug\BaseExceptionHandler.php(269): CodeIgniter\Debug\BaseExceptionHandler->CodeIgniter\Debug\{closure}()
#3 C:\laragon\www\Aplikasi-Manajemen-Produk\system\Debug\ExceptionHandler.php(116): CodeIgniter\Debug\BaseExceptionHandler->render(Object(CodeIgniter\Database\Exceptions\DatabaseException), 500, 'C:\\laragon\\www\\...')
#4 C:\laragon\www\Aplikasi-Manajemen-Produk\system\Debug\Exceptions.php(162): CodeIgniter\Debug\ExceptionHandler->handle(Object(CodeIgniter\Database\Exceptions\DatabaseException), Object(CodeIgniter\HTTP\IncomingRequest), Object(CodeIgniter\HTTP\Response), 500, 8)
#5 [internal function]: CodeIgniter\Debug\Exceptions->exceptionHandler(Object(CodeIgniter\Database\Exceptions\DatabaseException))
#6 {main}
  thrown
【Previous Exception】
CodeIgniter\Database\Exceptions\DatabaseException
Unable to connect to the database.
Main connection [MySQLi]: No connection could be made because the target machine actively refused it
#0 C:\laragon\www\Aplikasi-Manajemen-Produk\system\Database\BaseConnection.php(620): CodeIgniter\Database\BaseConnection->initialize()
#1 C:\laragon\www\Aplikasi-Manajemen-Produk\system\Database\BaseBuilder.php(1649): CodeIgniter\Database\BaseConnection->query('SELECT *\nFROM `...', Array, false)
#2 C:\laragon\www\Aplikasi-Manajemen-Produk\system\Model.php(330): CodeIgniter\Database\BaseBuilder->get()
#3 C:\laragon\www\Aplikasi-Manajemen-Produk\system\BaseModel.php(717): CodeIgniter\Model->doFirst()
#4 C:\laragon\www\Aplikasi-Manajemen-Produk\app\Controllers\Auth.php(30): CodeIgniter\BaseModel->first()
#5 C:\laragon\www\Aplikasi-Manajemen-Produk\system\CodeIgniter.php(933): App\Controllers\Auth->login()
#6 C:\laragon\www\Aplikasi-Manajemen-Produk\system\CodeIgniter.php(507): CodeIgniter\CodeIgniter->runController(Object(App\Controllers\Auth))
#7 C:\laragon\www\Aplikasi-Manajemen-Produk\system\CodeIgniter.php(354): CodeIgniter\CodeIgniter->handleRequest(NULL, Object(Config\Cache), false)
#8 C:\laragon\www\Aplikasi-Manajemen-Produk\system\Boot.php(334): CodeIgniter\CodeIgniter->run()
#9 C:\laragon\www\Aplikasi-Manajemen-Produk\system\Boot.php(67): CodeIgniter\Boot::runCodeIgniter(Object(CodeIgniter\CodeIgniter))
#10 C:\laragon\www\Aplikasi-Manajemen-Produk\public\index.php(59): CodeIgniter\Boot::bootWeb(Object(Config\Paths))
#11 C:\laragon\www\Aplikasi-Manajemen-Produk\system\rewrite.php(44): require_once('C:\\laragon\\www\\...')
#12 {main}
[Method: POST, Route: login]
in APPPATH\Views\layouts\auth.php on line 20.
 1 [internal function]: CodeIgniter\Debug\Exceptions->shutdownHandler()
ERROR - 2025-06-19 05:02:09 --> Error connecting to the database: mysqli_sql_exception: No connection could be made because the target machine actively refused it in C:\laragon\www\Aplikasi-Manajemen-Produk\system\Database\MySQLi\Connection.php:201
Stack trace:
#0 C:\laragon\www\Aplikasi-Manajemen-Produk\system\Database\MySQLi\Connection.php(201): mysqli->real_connect('localhost', 'root', Object(SensitiveParameterValue), 'manajemen_produ...', 3306, '', 0)
#1 C:\laragon\www\Aplikasi-Manajemen-Produk\system\Database\BaseConnection.php(421): CodeIgniter\Database\MySQLi\Connection->connect(false)
#2 C:\laragon\www\Aplikasi-Manajemen-Produk\system\Database\BaseConnection.php(620): CodeIgniter\Database\BaseConnection->initialize()
#3 C:\laragon\www\Aplikasi-Manajemen-Produk\system\Database\BaseBuilder.php(1649): CodeIgniter\Database\BaseConnection->query('SELECT *\nFROM `...', Array, false)
#4 C:\laragon\www\Aplikasi-Manajemen-Produk\system\Model.php(330): CodeIgniter\Database\BaseBuilder->get()
#5 C:\laragon\www\Aplikasi-Manajemen-Produk\system\BaseModel.php(717): CodeIgniter\Model->doFirst()
#6 C:\laragon\www\Aplikasi-Manajemen-Produk\app\Controllers\Auth.php(30): CodeIgniter\BaseModel->first()
#7 C:\laragon\www\Aplikasi-Manajemen-Produk\system\CodeIgniter.php(933): App\Controllers\Auth->login()
#8 C:\laragon\www\Aplikasi-Manajemen-Produk\system\CodeIgniter.php(507): CodeIgniter\CodeIgniter->runController(Object(App\Controllers\Auth))
#9 C:\laragon\www\Aplikasi-Manajemen-Produk\system\CodeIgniter.php(354): CodeIgniter\CodeIgniter->handleRequest(NULL, Object(Config\Cache), false)
#10 C:\laragon\www\Aplikasi-Manajemen-Produk\system\Boot.php(334): CodeIgniter\CodeIgniter->run()
#11 C:\laragon\www\Aplikasi-Manajemen-Produk\system\Boot.php(67): CodeIgniter\Boot::runCodeIgniter(Object(CodeIgniter\CodeIgniter))
#12 C:\laragon\www\Aplikasi-Manajemen-Produk\public\index.php(59): CodeIgniter\Boot::bootWeb(Object(Config\Paths))
#13 C:\laragon\www\Aplikasi-Manajemen-Produk\system\rewrite.php(44): require_once('C:\\laragon\\www\\...')
#14 {main}

Next CodeIgniter\Database\Exceptions\DatabaseException: No connection could be made because the target machine actively refused it in C:\laragon\www\Aplikasi-Manajemen-Produk\system\Database\MySQLi\Connection.php:246
Stack trace:
#0 C:\laragon\www\Aplikasi-Manajemen-Produk\system\Database\BaseConnection.php(421): CodeIgniter\Database\MySQLi\Connection->connect(false)
#1 C:\laragon\www\Aplikasi-Manajemen-Produk\system\Database\BaseConnection.php(620): CodeIgniter\Database\BaseConnection->initialize()
#2 C:\laragon\www\Aplikasi-Manajemen-Produk\system\Database\BaseBuilder.php(1649): CodeIgniter\Database\BaseConnection->query('SELECT *\nFROM `...', Array, false)
#3 C:\laragon\www\Aplikasi-Manajemen-Produk\system\Model.php(330): CodeIgniter\Database\BaseBuilder->get()
#4 C:\laragon\www\Aplikasi-Manajemen-Produk\system\BaseModel.php(717): CodeIgniter\Model->doFirst()
#5 C:\laragon\www\Aplikasi-Manajemen-Produk\app\Controllers\Auth.php(30): CodeIgniter\BaseModel->first()
#6 C:\laragon\www\Aplikasi-Manajemen-Produk\system\CodeIgniter.php(933): App\Controllers\Auth->login()
#7 C:\laragon\www\Aplikasi-Manajemen-Produk\system\CodeIgniter.php(507): CodeIgniter\CodeIgniter->runController(Object(App\Controllers\Auth))
#8 C:\laragon\www\Aplikasi-Manajemen-Produk\system\CodeIgniter.php(354): CodeIgniter\CodeIgniter->handleRequest(NULL, Object(Config\Cache), false)
#9 C:\laragon\www\Aplikasi-Manajemen-Produk\system\Boot.php(334): CodeIgniter\CodeIgniter->run()
#10 C:\laragon\www\Aplikasi-Manajemen-Produk\system\Boot.php(67): CodeIgniter\Boot::runCodeIgniter(Object(CodeIgniter\CodeIgniter))
#11 C:\laragon\www\Aplikasi-Manajemen-Produk\public\index.php(59): CodeIgniter\Boot::bootWeb(Object(Config\Paths))
#12 C:\laragon\www\Aplikasi-Manajemen-Produk\system\rewrite.php(44): require_once('C:\\laragon\\www\\...')
#13 {main}
CRITICAL - 2025-06-19 05:02:09 --> CodeIgniter\Database\Exceptions\DatabaseException: Unable to connect to the database.
Main connection [MySQLi]: No connection could be made because the target machine actively refused it
[Method: POST, Route: login]
in SYSTEMPATH\Database\BaseConnection.php on line 467.
 1 SYSTEMPATH\Database\BaseConnection.php(620): CodeIgniter\Database\BaseConnection->initialize()
 2 SYSTEMPATH\Database\BaseBuilder.php(1649): CodeIgniter\Database\BaseConnection->query('SELECT *
FROM `users`
WHERE `username` = :username:
 LIMIT 1', [...], false)
 3 SYSTEMPATH\Model.php(330): CodeIgniter\Database\BaseBuilder->get()
 4 SYSTEMPATH\BaseModel.php(717): CodeIgniter\Model->doFirst()
 5 APPPATH\Controllers\Auth.php(30): CodeIgniter\BaseModel->first()
 6 SYSTEMPATH\CodeIgniter.php(933): App\Controllers\Auth->login()
 7 SYSTEMPATH\CodeIgniter.php(507): CodeIgniter\CodeIgniter->runController(Object(App\Controllers\Auth))
 8 SYSTEMPATH\CodeIgniter.php(354): CodeIgniter\CodeIgniter->handleRequest(null, Object(Config\Cache), false)
 9 SYSTEMPATH\Boot.php(334): CodeIgniter\CodeIgniter->run()
10 SYSTEMPATH\Boot.php(67): CodeIgniter\Boot::runCodeIgniter(Object(CodeIgniter\CodeIgniter))
11 FCPATH\index.php(59): CodeIgniter\Boot::bootWeb(Object(Config\Paths))
12 SYSTEMPATH\rewrite.php(44): require_once('C:\\laragon\\www\\Aplikasi-Manajemen-Produk\\public\\index.php')
CRITICAL - 2025-06-19 05:02:09 --> ErrorException: Uncaught Error: Call to undefined method CodeIgniter\Debug\ExceptionHandler::renderSection() in C:\laragon\www\Aplikasi-Manajemen-Produk\app\Views\layouts\auth.php:20
Stack trace:
#0 C:\laragon\www\Aplikasi-Manajemen-Produk\app\Views\errors\html\production.php(30): include()
#1 C:\laragon\www\Aplikasi-Manajemen-Produk\system\Debug\BaseExceptionHandler.php(266): include('C:\\laragon\\www\\...')
#2 C:\laragon\www\Aplikasi-Manajemen-Produk\system\Debug\BaseExceptionHandler.php(269): CodeIgniter\Debug\BaseExceptionHandler->CodeIgniter\Debug\{closure}()
#3 C:\laragon\www\Aplikasi-Manajemen-Produk\system\Debug\ExceptionHandler.php(116): CodeIgniter\Debug\BaseExceptionHandler->render(Object(CodeIgniter\Database\Exceptions\DatabaseException), 500, 'C:\\laragon\\www\\...')
#4 C:\laragon\www\Aplikasi-Manajemen-Produk\system\Debug\Exceptions.php(162): CodeIgniter\Debug\ExceptionHandler->handle(Object(CodeIgniter\Database\Exceptions\DatabaseException), Object(CodeIgniter\HTTP\IncomingRequest), Object(CodeIgniter\HTTP\Response), 500, 8)
#5 [internal function]: CodeIgniter\Debug\Exceptions->exceptionHandler(Object(CodeIgniter\Database\Exceptions\DatabaseException))
#6 {main}
  thrown
【Previous Exception】
CodeIgniter\Database\Exceptions\DatabaseException
Unable to connect to the database.
Main connection [MySQLi]: No connection could be made because the target machine actively refused it
#0 C:\laragon\www\Aplikasi-Manajemen-Produk\system\Database\BaseConnection.php(620): CodeIgniter\Database\BaseConnection->initialize()
#1 C:\laragon\www\Aplikasi-Manajemen-Produk\system\Database\BaseBuilder.php(1649): CodeIgniter\Database\BaseConnection->query('SELECT *\nFROM `...', Array, false)
#2 C:\laragon\www\Aplikasi-Manajemen-Produk\system\Model.php(330): CodeIgniter\Database\BaseBuilder->get()
#3 C:\laragon\www\Aplikasi-Manajemen-Produk\system\BaseModel.php(717): CodeIgniter\Model->doFirst()
#4 C:\laragon\www\Aplikasi-Manajemen-Produk\app\Controllers\Auth.php(30): CodeIgniter\BaseModel->first()
#5 C:\laragon\www\Aplikasi-Manajemen-Produk\system\CodeIgniter.php(933): App\Controllers\Auth->login()
#6 C:\laragon\www\Aplikasi-Manajemen-Produk\system\CodeIgniter.php(507): CodeIgniter\CodeIgniter->runController(Object(App\Controllers\Auth))
#7 C:\laragon\www\Aplikasi-Manajemen-Produk\system\CodeIgniter.php(354): CodeIgniter\CodeIgniter->handleRequest(NULL, Object(Config\Cache), false)
#8 C:\laragon\www\Aplikasi-Manajemen-Produk\system\Boot.php(334): CodeIgniter\CodeIgniter->run()
#9 C:\laragon\www\Aplikasi-Manajemen-Produk\system\Boot.php(67): CodeIgniter\Boot::runCodeIgniter(Object(CodeIgniter\CodeIgniter))
#10 C:\laragon\www\Aplikasi-Manajemen-Produk\public\index.php(59): CodeIgniter\Boot::bootWeb(Object(Config\Paths))
#11 C:\laragon\www\Aplikasi-Manajemen-Produk\system\rewrite.php(44): require_once('C:\\laragon\\www\\...')
#12 {main}
[Method: POST, Route: login]
in APPPATH\Views\layouts\auth.php on line 20.
 1 [internal function]: CodeIgniter\Debug\Exceptions->shutdownHandler()
ERROR - 2025-06-19 11:37:40 --> Error connecting to the database: mysqli_sql_exception: No connection could be made because the target machine actively refused it in C:\laragon\www\Aplikasi-Manajemen-Produk\system\Database\MySQLi\Connection.php:201
Stack trace:
#0 C:\laragon\www\Aplikasi-Manajemen-Produk\system\Database\MySQLi\Connection.php(201): mysqli->real_connect('localhost', 'root', Object(SensitiveParameterValue), 'manajemen_produ...', 3306, '', 0)
#1 C:\laragon\www\Aplikasi-Manajemen-Produk\system\Database\BaseConnection.php(421): CodeIgniter\Database\MySQLi\Connection->connect(false)
#2 C:\laragon\www\Aplikasi-Manajemen-Produk\system\Database\BaseConnection.php(620): CodeIgniter\Database\BaseConnection->initialize()
#3 C:\laragon\www\Aplikasi-Manajemen-Produk\system\Database\BaseBuilder.php(1649): CodeIgniter\Database\BaseConnection->query('SELECT *\nFROM `...', Array, false)
#4 C:\laragon\www\Aplikasi-Manajemen-Produk\system\Model.php(330): CodeIgniter\Database\BaseBuilder->get()
#5 C:\laragon\www\Aplikasi-Manajemen-Produk\system\BaseModel.php(717): CodeIgniter\Model->doFirst()
#6 C:\laragon\www\Aplikasi-Manajemen-Produk\app\Controllers\Auth.php(30): CodeIgniter\BaseModel->first()
#7 C:\laragon\www\Aplikasi-Manajemen-Produk\system\CodeIgniter.php(933): App\Controllers\Auth->login()
#8 C:\laragon\www\Aplikasi-Manajemen-Produk\system\CodeIgniter.php(507): CodeIgniter\CodeIgniter->runController(Object(App\Controllers\Auth))
#9 C:\laragon\www\Aplikasi-Manajemen-Produk\system\CodeIgniter.php(354): CodeIgniter\CodeIgniter->handleRequest(NULL, Object(Config\Cache), false)
#10 C:\laragon\www\Aplikasi-Manajemen-Produk\system\Boot.php(334): CodeIgniter\CodeIgniter->run()
#11 C:\laragon\www\Aplikasi-Manajemen-Produk\system\Boot.php(67): CodeIgniter\Boot::runCodeIgniter(Object(CodeIgniter\CodeIgniter))
#12 C:\laragon\www\Aplikasi-Manajemen-Produk\public\index.php(59): CodeIgniter\Boot::bootWeb(Object(Config\Paths))
#13 C:\laragon\www\Aplikasi-Manajemen-Produk\system\rewrite.php(44): require_once('C:\\laragon\\www\\...')
#14 {main}

Next CodeIgniter\Database\Exceptions\DatabaseException: No connection could be made because the target machine actively refused it in C:\laragon\www\Aplikasi-Manajemen-Produk\system\Database\MySQLi\Connection.php:246
Stack trace:
#0 C:\laragon\www\Aplikasi-Manajemen-Produk\system\Database\BaseConnection.php(421): CodeIgniter\Database\MySQLi\Connection->connect(false)
#1 C:\laragon\www\Aplikasi-Manajemen-Produk\system\Database\BaseConnection.php(620): CodeIgniter\Database\BaseConnection->initialize()
#2 C:\laragon\www\Aplikasi-Manajemen-Produk\system\Database\BaseBuilder.php(1649): CodeIgniter\Database\BaseConnection->query('SELECT *\nFROM `...', Array, false)
#3 C:\laragon\www\Aplikasi-Manajemen-Produk\system\Model.php(330): CodeIgniter\Database\BaseBuilder->get()
#4 C:\laragon\www\Aplikasi-Manajemen-Produk\system\BaseModel.php(717): CodeIgniter\Model->doFirst()
#5 C:\laragon\www\Aplikasi-Manajemen-Produk\app\Controllers\Auth.php(30): CodeIgniter\BaseModel->first()
#6 C:\laragon\www\Aplikasi-Manajemen-Produk\system\CodeIgniter.php(933): App\Controllers\Auth->login()
#7 C:\laragon\www\Aplikasi-Manajemen-Produk\system\CodeIgniter.php(507): CodeIgniter\CodeIgniter->runController(Object(App\Controllers\Auth))
#8 C:\laragon\www\Aplikasi-Manajemen-Produk\system\CodeIgniter.php(354): CodeIgniter\CodeIgniter->handleRequest(NULL, Object(Config\Cache), false)
#9 C:\laragon\www\Aplikasi-Manajemen-Produk\system\Boot.php(334): CodeIgniter\CodeIgniter->run()
#10 C:\laragon\www\Aplikasi-Manajemen-Produk\system\Boot.php(67): CodeIgniter\Boot::runCodeIgniter(Object(CodeIgniter\CodeIgniter))
#11 C:\laragon\www\Aplikasi-Manajemen-Produk\public\index.php(59): CodeIgniter\Boot::bootWeb(Object(Config\Paths))
#12 C:\laragon\www\Aplikasi-Manajemen-Produk\system\rewrite.php(44): require_once('C:\\laragon\\www\\...')
#13 {main}
CRITICAL - 2025-06-19 11:37:40 --> CodeIgniter\Database\Exceptions\DatabaseException: Unable to connect to the database.
Main connection [MySQLi]: No connection could be made because the target machine actively refused it
[Method: POST, Route: login]
in SYSTEMPATH\Database\BaseConnection.php on line 467.
 1 SYSTEMPATH\Database\BaseConnection.php(620): CodeIgniter\Database\BaseConnection->initialize()
 2 SYSTEMPATH\Database\BaseBuilder.php(1649): CodeIgniter\Database\BaseConnection->query('SELECT *
FROM `users`
WHERE `username` = :username:
 LIMIT 1', [...], false)
 3 SYSTEMPATH\Model.php(330): CodeIgniter\Database\BaseBuilder->get()
 4 SYSTEMPATH\BaseModel.php(717): CodeIgniter\Model->doFirst()
 5 APPPATH\Controllers\Auth.php(30): CodeIgniter\BaseModel->first()
 6 SYSTEMPATH\CodeIgniter.php(933): App\Controllers\Auth->login()
 7 SYSTEMPATH\CodeIgniter.php(507): CodeIgniter\CodeIgniter->runController(Object(App\Controllers\Auth))
 8 SYSTEMPATH\CodeIgniter.php(354): CodeIgniter\CodeIgniter->handleRequest(null, Object(Config\Cache), false)
 9 SYSTEMPATH\Boot.php(334): CodeIgniter\CodeIgniter->run()
10 SYSTEMPATH\Boot.php(67): CodeIgniter\Boot::runCodeIgniter(Object(CodeIgniter\CodeIgniter))
11 FCPATH\index.php(59): CodeIgniter\Boot::bootWeb(Object(Config\Paths))
12 SYSTEMPATH\rewrite.php(44): require_once('C:\\laragon\\www\\Aplikasi-Manajemen-Produk\\public\\index.php')
CRITICAL - 2025-06-19 11:37:40 --> ErrorException: Uncaught Error: Call to undefined method CodeIgniter\Debug\ExceptionHandler::renderSection() in C:\laragon\www\Aplikasi-Manajemen-Produk\app\Views\layouts\auth.php:20
Stack trace:
#0 C:\laragon\www\Aplikasi-Manajemen-Produk\app\Views\errors\html\production.php(30): include()
#1 C:\laragon\www\Aplikasi-Manajemen-Produk\system\Debug\BaseExceptionHandler.php(266): include('C:\\laragon\\www\\...')
#2 C:\laragon\www\Aplikasi-Manajemen-Produk\system\Debug\BaseExceptionHandler.php(269): CodeIgniter\Debug\BaseExceptionHandler->CodeIgniter\Debug\{closure}()
#3 C:\laragon\www\Aplikasi-Manajemen-Produk\system\Debug\ExceptionHandler.php(116): CodeIgniter\Debug\BaseExceptionHandler->render(Object(CodeIgniter\Database\Exceptions\DatabaseException), 500, 'C:\\laragon\\www\\...')
#4 C:\laragon\www\Aplikasi-Manajemen-Produk\system\Debug\Exceptions.php(162): CodeIgniter\Debug\ExceptionHandler->handle(Object(CodeIgniter\Database\Exceptions\DatabaseException), Object(CodeIgniter\HTTP\IncomingRequest), Object(CodeIgniter\HTTP\Response), 500, 8)
#5 [internal function]: CodeIgniter\Debug\Exceptions->exceptionHandler(Object(CodeIgniter\Database\Exceptions\DatabaseException))
#6 {main}
  thrown
【Previous Exception】
CodeIgniter\Database\Exceptions\DatabaseException
Unable to connect to the database.
Main connection [MySQLi]: No connection could be made because the target machine actively refused it
#0 C:\laragon\www\Aplikasi-Manajemen-Produk\system\Database\BaseConnection.php(620): CodeIgniter\Database\BaseConnection->initialize()
#1 C:\laragon\www\Aplikasi-Manajemen-Produk\system\Database\BaseBuilder.php(1649): CodeIgniter\Database\BaseConnection->query('SELECT *\nFROM `...', Array, false)
#2 C:\laragon\www\Aplikasi-Manajemen-Produk\system\Model.php(330): CodeIgniter\Database\BaseBuilder->get()
#3 C:\laragon\www\Aplikasi-Manajemen-Produk\system\BaseModel.php(717): CodeIgniter\Model->doFirst()
#4 C:\laragon\www\Aplikasi-Manajemen-Produk\app\Controllers\Auth.php(30): CodeIgniter\BaseModel->first()
#5 C:\laragon\www\Aplikasi-Manajemen-Produk\system\CodeIgniter.php(933): App\Controllers\Auth->login()
#6 C:\laragon\www\Aplikasi-Manajemen-Produk\system\CodeIgniter.php(507): CodeIgniter\CodeIgniter->runController(Object(App\Controllers\Auth))
#7 C:\laragon\www\Aplikasi-Manajemen-Produk\system\CodeIgniter.php(354): CodeIgniter\CodeIgniter->handleRequest(NULL, Object(Config\Cache), false)
#8 C:\laragon\www\Aplikasi-Manajemen-Produk\system\Boot.php(334): CodeIgniter\CodeIgniter->run()
#9 C:\laragon\www\Aplikasi-Manajemen-Produk\system\Boot.php(67): CodeIgniter\Boot::runCodeIgniter(Object(CodeIgniter\CodeIgniter))
#10 C:\laragon\www\Aplikasi-Manajemen-Produk\public\index.php(59): CodeIgniter\Boot::bootWeb(Object(Config\Paths))
#11 C:\laragon\www\Aplikasi-Manajemen-Produk\system\rewrite.php(44): require_once('C:\\laragon\\www\\...')
#12 {main}
[Method: POST, Route: login]
in APPPATH\Views\layouts\auth.php on line 20.
 1 [internal function]: CodeIgniter\Debug\Exceptions->shutdownHandler()
DEBUG - 2025-06-19 11:42:02 --> Session: Class initialized using 'CodeIgniter\Session\Handlers\FileHandler' driver.
INFO - 2025-06-19 11:42:28 --> CSRF token verified.
DEBUG - 2025-06-19 11:42:28 --> Session: Class initialized using 'CodeIgniter\Session\Handlers\FileHandler' driver.
DEBUG - 2025-06-19 11:42:28 --> Session: Class initialized using 'CodeIgniter\Session\Handlers\FileHandler' driver.
INFO - 2025-06-19 11:45:27 --> CSRF token verified.
DEBUG - 2025-06-19 11:45:27 --> Session: Class initialized using 'CodeIgniter\Session\Handlers\FileHandler' driver.
DEBUG - 2025-06-19 11:45:27 --> Session: Class initialized using 'CodeIgniter\Session\Handlers\FileHandler' driver.
DEBUG - 2025-06-19 11:45:34 --> Session: Class initialized using 'CodeIgniter\Session\Handlers\FileHandler' driver.
DEBUG - 2025-06-19 11:45:36 --> Session: Class initialized using 'CodeIgniter\Session\Handlers\FileHandler' driver.
DEBUG - 2025-06-19 11:45:38 --> Session: Class initialized using 'CodeIgniter\Session\Handlers\FileHandler' driver.
DEBUG - 2025-06-19 11:48:28 --> Session: Class initialized using 'CodeIgniter\Session\Handlers\FileHandler' driver.
DEBUG - 2025-06-19 11:48:30 --> Session: Class initialized using 'CodeIgniter\Session\Handlers\FileHandler' driver.
DEBUG - 2025-06-19 11:48:33 --> Session: Class initialized using 'CodeIgniter\Session\Handlers\FileHandler' driver.
DEBUG - 2025-06-19 11:48:34 --> Session: Class initialized using 'CodeIgniter\Session\Handlers\FileHandler' driver.
DEBUG - 2025-06-19 11:48:36 --> Session: Class initialized using 'CodeIgniter\Session\Handlers\FileHandler' driver.
DEBUG - 2025-06-19 11:48:37 --> Session: Class initialized using 'CodeIgniter\Session\Handlers\FileHandler' driver.
DEBUG - 2025-06-19 11:48:38 --> Session: Class initialized using 'CodeIgniter\Session\Handlers\FileHandler' driver.
INFO - 2025-06-19 11:48:48 --> CSRF token verified.
DEBUG - 2025-06-19 11:48:48 --> Session: Class initialized using 'CodeIgniter\Session\Handlers\FileHandler' driver.
DEBUG - 2025-06-19 11:48:48 --> Session: Class initialized using 'CodeIgniter\Session\Handlers\FileHandler' driver.
DEBUG - 2025-06-19 11:48:51 --> Session: Class initialized using 'CodeIgniter\Session\Handlers\FileHandler' driver.
DEBUG - 2025-06-19 11:48:54 --> Session: Class initialized using 'CodeIgniter\Session\Handlers\FileHandler' driver.
INFO - 2025-06-19 11:49:14 --> CSRF token verified.
DEBUG - 2025-06-19 11:49:14 --> Session: Class initialized using 'CodeIgniter\Session\Handlers\FileHandler' driver.
DEBUG - 2025-06-19 11:49:14 --> Session: Class initialized using 'CodeIgniter\Session\Handlers\FileHandler' driver.
CRITICAL - 2025-06-19 11:49:14 --> ErrorException: Undefined array key "price"
[Method: GET, Route: products]
in APPPATH\Views\products\index.php on line 31.
 1 APPPATH\Views\products\index.php(31): CodeIgniter\Debug\Exceptions->errorHandler(2, 'Undefined array key "price"', 'C:\\laragon\\www\\Aplikasi-Manajemen-Produk\\app\\Views\\products\\index.php', 31)
 2 SYSTEMPATH\View\View.php(224): include('C:\\laragon\\www\\Aplikasi-Manajemen-Produk\\app\\Views\\products\\index.php')
 3 SYSTEMPATH\View\View.php(227): CodeIgniter\View\View->CodeIgniter\View\{closure}()
 4 SYSTEMPATH\Common.php(1173): CodeIgniter\View\View->render('products/index', [], true)
 5 APPPATH\Controllers\Product.php(24): view('products/index', [...])
 6 SYSTEMPATH\CodeIgniter.php(933): App\Controllers\Product->index()
 7 SYSTEMPATH\CodeIgniter.php(507): CodeIgniter\CodeIgniter->runController(Object(App\Controllers\Product))
 8 SYSTEMPATH\CodeIgniter.php(354): CodeIgniter\CodeIgniter->handleRequest(null, Object(Config\Cache), false)
 9 SYSTEMPATH\Boot.php(334): CodeIgniter\CodeIgniter->run()
10 SYSTEMPATH\Boot.php(67): CodeIgniter\Boot::runCodeIgniter(Object(CodeIgniter\CodeIgniter))
11 FCPATH\index.php(59): CodeIgniter\Boot::bootWeb(Object(Config\Paths))
12 SYSTEMPATH\rewrite.php(44): require_once('C:\\laragon\\www\\Aplikasi-Manajemen-Produk\\public\\index.php')
INFO - 2025-06-19 11:50:42 --> CSRF token verified.
DEBUG - 2025-06-19 11:50:42 --> Session: Class initialized using 'CodeIgniter\Session\Handlers\FileHandler' driver.
DEBUG - 2025-06-19 11:50:42 --> Session: Class initialized using 'CodeIgniter\Session\Handlers\FileHandler' driver.
INFO - 2025-06-19 11:50:53 --> CSRF token verified.
DEBUG - 2025-06-19 11:50:53 --> Session: Class initialized using 'CodeIgniter\Session\Handlers\FileHandler' driver.
DEBUG - 2025-06-19 11:50:53 --> Session: Class initialized using 'CodeIgniter\Session\Handlers\FileHandler' driver.
DEBUG - 2025-06-19 11:51:07 --> Session: Class initialized using 'CodeIgniter\Session\Handlers\FileHandler' driver.
DEBUG - 2025-06-19 11:51:08 --> Session: Class initialized using 'CodeIgniter\Session\Handlers\FileHandler' driver.
DEBUG - 2025-06-19 11:51:13 --> Session: Class initialized using 'CodeIgniter\Session\Handlers\FileHandler' driver.
DEBUG - 2025-06-19 11:51:14 --> Session: Class initialized using 'CodeIgniter\Session\Handlers\FileHandler' driver.
CRITICAL - 2025-06-19 11:51:14 --> ErrorException: Undefined array key "price"
[Method: GET, Route: products]
in APPPATH\Views\products\index.php on line 31.
 1 APPPATH\Views\products\index.php(31): CodeIgniter\Debug\Exceptions->errorHandler(2, 'Undefined array key "price"', 'C:\\laragon\\www\\Aplikasi-Manajemen-Produk\\app\\Views\\products\\index.php', 31)
 2 SYSTEMPATH\View\View.php(224): include('C:\\laragon\\www\\Aplikasi-Manajemen-Produk\\app\\Views\\products\\index.php')
 3 SYSTEMPATH\View\View.php(227): CodeIgniter\View\View->CodeIgniter\View\{closure}()
 4 SYSTEMPATH\Common.php(1173): CodeIgniter\View\View->render('products/index', [], true)
 5 APPPATH\Controllers\Product.php(24): view('products/index', [...])
 6 SYSTEMPATH\CodeIgniter.php(933): App\Controllers\Product->index()
 7 SYSTEMPATH\CodeIgniter.php(507): CodeIgniter\CodeIgniter->runController(Object(App\Controllers\Product))
 8 SYSTEMPATH\CodeIgniter.php(354): CodeIgniter\CodeIgniter->handleRequest(null, Object(Config\Cache), false)
 9 SYSTEMPATH\Boot.php(334): CodeIgniter\CodeIgniter->run()
10 SYSTEMPATH\Boot.php(67): CodeIgniter\Boot::runCodeIgniter(Object(CodeIgniter\CodeIgniter))
11 FCPATH\index.php(59): CodeIgniter\Boot::bootWeb(Object(Config\Paths))
12 SYSTEMPATH\rewrite.php(44): require_once('C:\\laragon\\www\\Aplikasi-Manajemen-Produk\\public\\index.php')
DEBUG - 2025-06-19 11:52:18 --> Session: Class initialized using 'CodeIgniter\Session\Handlers\FileHandler' driver.
DEBUG - 2025-06-19 11:52:23 --> Session: Class initialized using 'CodeIgniter\Session\Handlers\FileHandler' driver.
INFO - 2025-06-19 11:52:46 --> CSRF token verified.
DEBUG - 2025-06-19 11:52:46 --> Session: Class initialized using 'CodeIgniter\Session\Handlers\FileHandler' driver.
DEBUG - 2025-06-19 11:52:47 --> Session: Class initialized using 'CodeIgniter\Session\Handlers\FileHandler' driver.
DEBUG - 2025-06-19 11:52:48 --> Session: Class initialized using 'CodeIgniter\Session\Handlers\FileHandler' driver.
DEBUG - 2025-06-19 11:52:49 --> Session: Class initialized using 'CodeIgniter\Session\Handlers\FileHandler' driver.
INFO - 2025-06-19 11:53:08 --> CSRF token verified.
DEBUG - 2025-06-19 11:53:08 --> Session: Class initialized using 'CodeIgniter\Session\Handlers\FileHandler' driver.
ERROR - 2025-06-19 11:53:08 --> mysqli_sql_exception: You have an error in your SQL syntax; check the manual that corresponds to your MySQL server version for the right syntax to use near ') VALUES ('IN-1750333988', 'in', '2025-06-19', 'Pembeli', '2', '2025-06-19 11:53' at line 1 in C:\laragon\www\Aplikasi-Manajemen-Produk\system\Database\MySQLi\Connection.php:327
Stack trace:
#0 C:\laragon\www\Aplikasi-Manajemen-Produk\system\Database\MySQLi\Connection.php(327): mysqli->query('INSERT INTO `tr...', 0)
#1 C:\laragon\www\Aplikasi-Manajemen-Produk\system\Database\BaseConnection.php(738): CodeIgniter\Database\MySQLi\Connection->execute('INSERT INTO `tr...')
#2 C:\laragon\www\Aplikasi-Manajemen-Produk\system\Database\BaseConnection.php(652): CodeIgniter\Database\BaseConnection->simpleQuery('INSERT INTO `tr...')
#3 C:\laragon\www\Aplikasi-Manajemen-Produk\system\Database\BaseBuilder.php(2345): CodeIgniter\Database\BaseConnection->query('INSERT INTO `tr...', Array, false)
#4 C:\laragon\www\Aplikasi-Manajemen-Produk\system\Model.php(394): CodeIgniter\Database\BaseBuilder->insert()
#5 C:\laragon\www\Aplikasi-Manajemen-Produk\system\BaseModel.php(843): CodeIgniter\Model->doInsert(Array)
#6 C:\laragon\www\Aplikasi-Manajemen-Produk\system\Model.php(800): CodeIgniter\BaseModel->insert(Array, true)
#7 C:\laragon\www\Aplikasi-Manajemen-Produk\app\Controllers\Stock.php(48): CodeIgniter\Model->insert(Array)
#8 C:\laragon\www\Aplikasi-Manajemen-Produk\system\CodeIgniter.php(933): App\Controllers\Stock->stockIn()
#9 C:\laragon\www\Aplikasi-Manajemen-Produk\system\CodeIgniter.php(507): CodeIgniter\CodeIgniter->runController(Object(App\Controllers\Stock))
#10 C:\laragon\www\Aplikasi-Manajemen-Produk\system\CodeIgniter.php(354): CodeIgniter\CodeIgniter->handleRequest(NULL, Object(Config\Cache), false)
#11 C:\laragon\www\Aplikasi-Manajemen-Produk\system\Boot.php(334): CodeIgniter\CodeIgniter->run()
#12 C:\laragon\www\Aplikasi-Manajemen-Produk\system\Boot.php(67): CodeIgniter\Boot::runCodeIgniter(Object(CodeIgniter\CodeIgniter))
#13 C:\laragon\www\Aplikasi-Manajemen-Produk\public\index.php(59): CodeIgniter\Boot::bootWeb(Object(Config\Paths))
#14 C:\laragon\www\Aplikasi-Manajemen-Produk\system\rewrite.php(44): require_once('C:\\laragon\\www\\...')
#15 {main}
ERROR - 2025-06-19 11:53:08 --> mysqli_sql_exception: Cannot add or update a child row: a foreign key constraint fails (`manajemen_produk`.`transaction_details`, CONSTRAINT `transaction_details_ibfk_1` FOREIGN KEY (`transaction_id`) REFERENCES `transactions` (`id`)) in C:\laragon\www\Aplikasi-Manajemen-Produk\system\Database\MySQLi\Connection.php:327
Stack trace:
#0 C:\laragon\www\Aplikasi-Manajemen-Produk\system\Database\MySQLi\Connection.php(327): mysqli->query('INSERT INTO `tr...', 0)
#1 C:\laragon\www\Aplikasi-Manajemen-Produk\system\Database\BaseConnection.php(738): CodeIgniter\Database\MySQLi\Connection->execute('INSERT INTO `tr...')
#2 C:\laragon\www\Aplikasi-Manajemen-Produk\system\Database\BaseConnection.php(652): CodeIgniter\Database\BaseConnection->simpleQuery('INSERT INTO `tr...')
#3 C:\laragon\www\Aplikasi-Manajemen-Produk\system\Database\BaseBuilder.php(2345): CodeIgniter\Database\BaseConnection->query('INSERT INTO `tr...', Array, false)
#4 C:\laragon\www\Aplikasi-Manajemen-Produk\system\Model.php(394): CodeIgniter\Database\BaseBuilder->insert()
#5 C:\laragon\www\Aplikasi-Manajemen-Produk\system\BaseModel.php(843): CodeIgniter\Model->doInsert(Array)
#6 C:\laragon\www\Aplikasi-Manajemen-Produk\system\Model.php(800): CodeIgniter\BaseModel->insert(Array, true)
#7 C:\laragon\www\Aplikasi-Manajemen-Produk\app\Controllers\Stock.php(66): CodeIgniter\Model->insert(Array)
#8 C:\laragon\www\Aplikasi-Manajemen-Produk\system\CodeIgniter.php(933): App\Controllers\Stock->stockIn()
#9 C:\laragon\www\Aplikasi-Manajemen-Produk\system\CodeIgniter.php(507): CodeIgniter\CodeIgniter->runController(Object(App\Controllers\Stock))
#10 C:\laragon\www\Aplikasi-Manajemen-Produk\system\CodeIgniter.php(354): CodeIgniter\CodeIgniter->handleRequest(NULL, Object(Config\Cache), false)
#11 C:\laragon\www\Aplikasi-Manajemen-Produk\system\Boot.php(334): CodeIgniter\CodeIgniter->run()
#12 C:\laragon\www\Aplikasi-Manajemen-Produk\system\Boot.php(67): CodeIgniter\Boot::runCodeIgniter(Object(CodeIgniter\CodeIgniter))
#13 C:\laragon\www\Aplikasi-Manajemen-Produk\public\index.php(59): CodeIgniter\Boot::bootWeb(Object(Config\Paths))
#14 C:\laragon\www\Aplikasi-Manajemen-Produk\system\rewrite.php(44): require_once('C:\\laragon\\www\\...')
#15 {main}
DEBUG - 2025-06-19 11:53:08 --> Session: Class initialized using 'CodeIgniter\Session\Handlers\FileHandler' driver.
DEBUG - 2025-06-19 11:53:18 --> Session: Class initialized using 'CodeIgniter\Session\Handlers\FileHandler' driver.
INFO - 2025-06-19 11:53:30 --> CSRF token verified.
DEBUG - 2025-06-19 11:53:30 --> Session: Class initialized using 'CodeIgniter\Session\Handlers\FileHandler' driver.
CRITICAL - 2025-06-19 11:53:30 --> ErrorException: Uncaught Error: Call to undefined method CodeIgniter\Debug\ExceptionHandler::renderSection() in C:\laragon\www\Aplikasi-Manajemen-Produk\app\Views\layouts\auth.php:20
Stack trace:
#0 C:\laragon\www\Aplikasi-Manajemen-Produk\app\Views\errors\html\error_404.php(30): include()
#1 C:\laragon\www\Aplikasi-Manajemen-Produk\system\Debug\BaseExceptionHandler.php(266): include('C:\\laragon\\www\\...')
#2 C:\laragon\www\Aplikasi-Manajemen-Produk\system\Debug\BaseExceptionHandler.php(269): CodeIgniter\Debug\BaseExceptionHandler->CodeIgniter\Debug\{closure}()
#3 C:\laragon\www\Aplikasi-Manajemen-Produk\system\Debug\ExceptionHandler.php(116): CodeIgniter\Debug\BaseExceptionHandler->render(Object(CodeIgniter\Exceptions\PageNotFoundException), 404, 'C:\\laragon\\www\\...')
#4 C:\laragon\www\Aplikasi-Manajemen-Produk\system\Debug\Exceptions.php(162): CodeIgniter\Debug\ExceptionHandler->handle(Object(CodeIgniter\Exceptions\PageNotFoundException), Object(CodeIgniter\HTTP\IncomingRequest), Object(CodeIgniter\HTTP\Response), 404, 1)
#5 [internal function]: CodeIgniter\Debug\Exceptions->exceptionHandler(Object(CodeIgniter\Exceptions\PageNotFoundException))
#6 {main}
  thrown
【Previous Exception】
CodeIgniter\Exceptions\PageNotFoundException
Controller method is not found: "generate"
#0 C:\laragon\www\Aplikasi-Manajemen-Produk\system\CodeIgniter.php(983): CodeIgniter\Exceptions\PageNotFoundException::forPageNotFound('Controller meth...')
#1 C:\laragon\www\Aplikasi-Manajemen-Produk\system\CodeIgniter.php(360): CodeIgniter\CodeIgniter->display404errors(Object(CodeIgniter\Exceptions\PageNotFoundException))
#2 C:\laragon\www\Aplikasi-Manajemen-Produk\system\Boot.php(334): CodeIgniter\CodeIgniter->run()
#3 C:\laragon\www\Aplikasi-Manajemen-Produk\system\Boot.php(67): CodeIgniter\Boot::runCodeIgniter(Object(CodeIgniter\CodeIgniter))
#4 C:\laragon\www\Aplikasi-Manajemen-Produk\public\index.php(59): CodeIgniter\Boot::bootWeb(Object(Config\Paths))
#5 C:\laragon\www\Aplikasi-Manajemen-Produk\system\rewrite.php(44): require_once('C:\\laragon\\www\\...')
#6 {main}
[Method: POST, Route: reports/generate]
in APPPATH\Views\layouts\auth.php on line 20.
 1 [internal function]: CodeIgniter\Debug\Exceptions->shutdownHandler()
CRITICAL - 2025-06-19 11:54:06 --> ErrorException: Uncaught Error: Call to undefined method CodeIgniter\Debug\ExceptionHandler::renderSection() in C:\laragon\www\Aplikasi-Manajemen-Produk\app\Views\layouts\auth.php:20
Stack trace:
#0 C:\laragon\www\Aplikasi-Manajemen-Produk\app\Views\errors\html\error_404.php(30): include()
#1 C:\laragon\www\Aplikasi-Manajemen-Produk\system\Debug\BaseExceptionHandler.php(266): include('C:\\laragon\\www\\...')
#2 C:\laragon\www\Aplikasi-Manajemen-Produk\system\Debug\BaseExceptionHandler.php(269): CodeIgniter\Debug\BaseExceptionHandler->CodeIgniter\Debug\{closure}()
#3 C:\laragon\www\Aplikasi-Manajemen-Produk\system\Debug\ExceptionHandler.php(116): CodeIgniter\Debug\BaseExceptionHandler->render(Object(CodeIgniter\Exceptions\PageNotFoundException), 404, 'C:\\laragon\\www\\...')
#4 C:\laragon\www\Aplikasi-Manajemen-Produk\system\Debug\Exceptions.php(162): CodeIgniter\Debug\ExceptionHandler->handle(Object(CodeIgniter\Exceptions\PageNotFoundException), Object(CodeIgniter\HTTP\IncomingRequest), Object(CodeIgniter\HTTP\Response), 404, 1)
#5 [internal function]: CodeIgniter\Debug\Exceptions->exceptionHandler(Object(CodeIgniter\Exceptions\PageNotFoundException))
#6 {main}
  thrown
【Previous Exception】
CodeIgniter\Exceptions\PageNotFoundException
Can't find a route for 'GET: settings'.
#0 C:\laragon\www\Aplikasi-Manajemen-Produk\system\CodeIgniter.php(983): CodeIgniter\Exceptions\PageNotFoundException::forPageNotFound('Can't find a ro...')
#1 C:\laragon\www\Aplikasi-Manajemen-Produk\system\CodeIgniter.php(360): CodeIgniter\CodeIgniter->display404errors(Object(CodeIgniter\Exceptions\PageNotFoundException))
#2 C:\laragon\www\Aplikasi-Manajemen-Produk\system\Boot.php(334): CodeIgniter\CodeIgniter->run()
#3 C:\laragon\www\Aplikasi-Manajemen-Produk\system\Boot.php(67): CodeIgniter\Boot::runCodeIgniter(Object(CodeIgniter\CodeIgniter))
#4 C:\laragon\www\Aplikasi-Manajemen-Produk\public\index.php(59): CodeIgniter\Boot::bootWeb(Object(Config\Paths))
#5 C:\laragon\www\Aplikasi-Manajemen-Produk\system\rewrite.php(44): require_once('C:\\laragon\\www\\...')
#6 {main}
[Method: GET, Route: settings]
in APPPATH\Views\layouts\auth.php on line 20.
 1 [internal function]: CodeIgniter\Debug\Exceptions->shutdownHandler()
DEBUG - 2025-06-19 11:54:07 --> Session: Class initialized using 'CodeIgniter\Session\Handlers\FileHandler' driver.
DEBUG - 2025-06-19 11:54:08 --> Session: Class initialized using 'CodeIgniter\Session\Handlers\FileHandler' driver.
DEBUG - 2025-06-19 11:54:09 --> Session: Class initialized using 'CodeIgniter\Session\Handlers\FileHandler' driver.
DEBUG - 2025-06-19 11:54:10 --> Session: Class initialized using 'CodeIgniter\Session\Handlers\FileHandler' driver.
DEBUG - 2025-06-19 11:58:03 --> Session: Class initialized using 'CodeIgniter\Session\Handlers\FileHandler' driver.
DEBUG - 2025-06-19 11:58:05 --> Session: Class initialized using 'CodeIgniter\Session\Handlers\FileHandler' driver.
DEBUG - 2025-06-19 11:58:10 --> Session: Class initialized using 'CodeIgniter\Session\Handlers\FileHandler' driver.
DEBUG - 2025-06-19 11:58:10 --> Session: Class initialized using 'CodeIgniter\Session\Handlers\FileHandler' driver.
